(base) kim@kim-System-Product-Name:~/velocitydrivesp-support$ cat <<EOF > ipatch-ptp-instance.yaml
- ? "/ieee1588-ptp:ptp/instances/instance"
  : instance-index: 0
    default-ds:
      domain-number: 0
      instance-enable: true
      instance-type: relay
      external-port-config-enable: true
      priority1: 246
      priority2: 248
      clock-identity: 02-06-3F-FF-FE-F5-0E-00

- ? "/ieee1588-ptp:ptp/instances/instance[instance-index='0']/mchp-velocitysp-ptp:automotive"
  : profile: gm
    oper-log-pdelay-req-interval: 1
    oper-log-sync-interval: 0
EOF

dr mup1cc -d /dev/ttyACM0 -m ipatch -i ipatch-ptp-instance.yaml
Opening serial port at /dev/ttyACM0
root is not of type: array
property '/default-ds/clock-identity' is invalid: error_type=schema
/home/kim/velocitydrivesp-support/support/yang-enc/yang-enc.rb:490:in `json_validate': Errors in JSON data (RuntimeError)
	from /home/kim/velocitydrivesp-support/support/yang-enc/yang-enc.rb:505:in `instance2cbor'
	from /home/kim/velocitydrivesp-support/support/yang-enc/yang-enc.rb:527:in `block in json_seq2cbor'
	from /home/kim/velocitydrivesp-support/support/yang-enc/yang-enc.rb:527:in `each'
	from /home/kim/velocitydrivesp-support/support/yang-enc/yang-enc.rb:527:in `json_seq2cbor'
	from /home/kim/velocitydrivesp-support/support/scripts/mup1cc:313:in `<main>'
(base) kim@kim-System-Product-Name:~/velocitydrivesp-support$ 
(base) kim@kim-System-Product-Name:~/velocitydrivesp-support$ 
(base) kim@kim-System-Product-Name:~/velocitydrivesp-support$ cat <<EOF > ipatch-ptp-auto-gm.yaml
- ? "/ieee1588-ptp:ptp/instances/instance"
  : instance-index: 0
    default-ds:
      external-port-config-enable: true
    mchp-velocitysp-ptp:automotive:
      profile: gm
    ports:
      port:
      - port-index: 25
        external-port-config-port-ds:
          desired-state: master
      - port-index: 26
        external-port-config-port-ds:
          desired-state: master
EOF

# 적용
dr mup1cc -d /dev/ttyACM0 -m ipatch -i ipatch-ptp-auto-gm.yaml
Opening serial port at /dev/ttyACM0
Error decoding 15253 as type instance-identifier: undefined method `[]' for false:FalseClass
ERROR: response code 4.00
---
ietf-coreconf:error:
  error-data-node: 15253
  error-tag: ietf-coreconf:error
  error-message: Error in container or list
(base) kim@kim-System-Product-Name:~/velocitydrivesp-support$ cat <<EOF > ipatch-ptp-auto-gm.yaml
- ? "/ieee1588-ptp:ptp/instances/instance"
  : instance-index: 0
    default-ds:
      external-port-config-enable: true
    mchp-velocitysp-ptp:automotive:
      profile: gm
    ports:
      port:
      - port-index: 25
        external-port-config-port-ds:
          desired-state: master
      - port-index: 26
        external-port-config-port-ds:
          desired-state: master
EOF

# 적용
dr mup1cc -d /dev/ttyACM0 -m ipatch -i ipatch-ptp-auto-gm.yaml
Opening serial port at /dev/ttyACM0
TRACE: "\n"
TRACE: "lmd_mem_pool: IDX: 1, 3248/294912 (0x1b8000-0x1fffff) 291664 98%"
TRACE: "\n"
Error decoding 15253 as type instance-identifier: undefined method `[]' for false:FalseClass
ERROR: response code 4.00
---
ietf-coreconf:error:
  error-data-node: 15253
  error-tag: ietf-coreconf:error
  error-message: Error in container or list
(base) kim@kim-System-Product-Name:~/velocitydrivesp-support$ cat <<EOF > ipatch-ptp-calibration.yaml
- ? "/ieee1588-ptp:ptp/instances/instance"
  : instance-index: 0
    ports:
      port:
      - port-index: 25
        timestamp-correction-port-ds:
          ingress-latency: '65536'   # 1ns
          egress-latency:  '65536'   # 1ns
EOF

# 적용
dr mup1cc -d /dev/ttyACM0 -m ipatch -i ipatch-ptp-calibration.yaml
Opening serial port at /dev/ttyACM0
Error decoding 15253 as type instance-identifier: undefined method `[]' for false:FalseClass
ERROR: response code 4.00
---
ietf-coreconf:error:
  error-data-node: 15253
  error-tag: ietf-coreconf:error
  error-message: Error in container or list
(base) kim@kim-System-Product-Name:~/velocitydrivesp-support$ cat <<EOF > ipatch-1pps-enable.yaml
- ? "/ieee1588-ptp:ptp/mchp-velocitysp-ptp:ltcs/ltc"
  : ltc-index: 0
    ptp-pins:
      ptp-pin:
      - index: 4
        function: 1pps-out
EOF

# 적용
dr mup1cc -d /dev/ttyACM0 -m ipatch -i ipatch-1pps-enable.yaml
Opening serial port at /dev/ttyACM0
(base) kim@kim-System-Product-Name:~/velocitydrivesp-support$ cat <<EOF > fetch-ptp-instance.yaml
- "/ieee1588-ptp:ptp/instances/instance[instance-index='0']"
EOF

dr mup1cc -d /dev/ttyACM0 -m fetch -i fetch-ptp-instance.yaml -q d=a
Opening serial port at /dev/ttyACM0
---
- "/ieee1588-ptp:ptp/instances/instance": 
(base) kim@kim-System-Product-Name:~/velocitydrivesp-support$ 
(base) kim@kim-System-Product-Name:~/velocitydrivesp-support$ 
(base) kim@kim-System-Product-Name:~/velocitydrivesp-support$ 
(base) kim@kim-System-Product-Name:~/velocitydrivesp-support$ 
(base) kim@kim-System-Product-Name:~/velocitydrivesp-support$ cat <<EOF > ipatch-create-ltc.yaml
- ? "/ieee1588-ptp:ptp/mchp-velocitysp-ptp:ltcs/ltc"
  : ltc-index: 0
EOF

dr mup1cc -d /dev/ttyACM0 -m ipatch -i ipatch-create-ltc.yaml
Opening serial port at /dev/ttyACM0
(base) kim@kim-System-Product-Name:~/velocitydrivesp-support$ cat <<EOF > ipatch-create-ptp-base.yaml
- ? "/ieee1588-ptp:ptp/instances/instance"
  : instance-index: 0
    ports:
      port:
      - port-index: 25
      - port-index: 26
    mchp-velocitysp-ptp:servos:
      servo:
      - servo-index: 0
        servo-type: pi
        ltc-index: 0
EOF

dr mup1cc -d /dev/ttyACM0 -m ipatch -i ipatch-create-ptp-base.yaml
Opening serial port at /dev/ttyACM0
Error decoding 15253 as type instance-identifier: undefined method `[]' for false:FalseClass
ERROR: response code 4.00
---
ietf-coreconf:error:
  error-data-node: 15253
  error-tag: ietf-coreconf:error
  error-message: Error in container or list
(base) kim@kim-System-Product-Name:~/velocitydrivesp-support$ cat <<EOF > ipatch-ptp-auto-gm.yaml
- ? "/ieee1588-ptp:ptp/instances/instance[instance-index='0']"
  : default-ds:
      external-port-config-enable: true
    mchp-velocitysp-ptp:automotive:
      profile: gm
    ports:
      port:
      - port-index: 25
        external-port-config-port-ds:
          desired-state: master
      - port-index: 26
        external-port-config-port-ds:
          desired-state: master
EOF

dr mup1cc -d /dev/ttyACM0 -m ipatch -i ipatch-ptp-auto-gm.yaml
Opening serial port at /dev/ttyACM0
root is not of type: array
root is missing required keys: instance-index
/home/kim/velocitydrivesp-support/support/yang-enc/yang-enc.rb:490:in `json_validate': Errors in JSON data (RuntimeError)
	from /home/kim/velocitydrivesp-support/support/yang-enc/yang-enc.rb:505:in `instance2cbor'
	from /home/kim/velocitydrivesp-support/support/yang-enc/yang-enc.rb:527:in `block in json_seq2cbor'
	from /home/kim/velocitydrivesp-support/support/yang-enc/yang-enc.rb:527:in `each'
	from /home/kim/velocitydrivesp-support/support/yang-enc/yang-enc.rb:527:in `json_seq2cbor'
	from /home/kim/velocitydrivesp-support/support/scripts/mup1cc:313:in `<main>'
(base) kim@kim-System-Product-Name:~/velocitydrivesp-support$ cat <<EOF > fetch-ptp-instance.yaml
- "/ieee1588-ptp:ptp/instances/instance[instance-index='0']"
EOF

dr mup1cc -d /dev/ttyACM0 -m fetch -i fetch-ptp-instance.yaml -q d=a
Opening serial port at /dev/ttyACM0
---
- "/ieee1588-ptp:ptp/instances/instance": 
(base) kim@kim-System-Product-Name:~/velocitydrivesp-support$ 
(base) kim@kim-System-Product-Name:~/velocitydrivesp-support$ 
(base) kim@kim-System-Product-Name:~/velocitydrivesp-support$ 
(base) kim@kim-System-Product-Name:~/velocitydrivesp-support$ 
(base) kim@kim-System-Product-Name:~/velocitydrivesp-support$ 
(base) kim@kim-System-Product-Name:~/velocitydrivesp-support$ /velocitydrivesp-support$ cat <<EOF > ipatch-create-ptp-base.yaml
- ? "/ieee1588-ptp:ptp/instances/instance"
  : instance-index: 0
    ports:
      port:
      - port-index: 25
      - port-index: 26
    mchp-velocitysp-ptp:servos:
      servo:
      - servo-index: 0
        servo-type: pi
        ltc-index: 0
EOF

dr mup1cc -d /dev/ttyACM0 -m ipatch -i ipatch-create-ptp-base.yaml
Opening serial port at /dev/ttyACM0
Error decoding 15253 as type instance-identifier: undefined method `[]' for false:FalseClass
ERROR: response code 4.00
---
ietf-coreconf:error:
  error-data-node: 15253
  error-tag: ietf-coreconf:error
  error-message: Error in container or list
(base) kim@kim-System-Product-Name:~/velocitydrivesp-support$ cat <<EOF > ipatch-ptp-auto-gm.yaml
- ? "/ieee1588-ptp:ptp/instances/instance[instance-index='0']"
  : default-ds:
      external-port-config-enable: true
    mchp-velocitysp-ptp:automotive:
      profile: gm
    ports:
      port:
      - port-index: 25
        external-port-config-port-ds:
          desired-state: master
      - port-index: 26
        external-port-config-port-ds:
          desired-state: master
EOF

dr mup1cc -d /dev/ttyACM0 -m ipatch -i ipatch-ptp-auto-gm.yaml
(base) kim@kim-System-Product-Name:~/velocitydrivesp-support$ -q d=aEOF > fetch-ptp-instanc
bash: /velocitydrivesp-support$: No such file or directory
Opening serial port at /dev/ttyACM0
/home/kim/velocitydrivesp-support/support/yang-enc/yang-enc.rb:526:in `json_seq2cbor': Input is not an Array! (RuntimeError)
	from /home/kim/velocitydrivesp-support/support/scripts/mup1cc:313:in `<main>'
Opening: command not found
bash: command substitution: line 9: unexpected EOF while looking for matching `''
Error: command not found
bash: command substitution: line 1: unexpected EOF while looking for matching `''
Command 'from' not found, but can be installed with:
sudo apt install mailutils
> ^C
(base) kim@kim-System-Product-Name:~/velocitydrivesp-support$ ^C
(base) kim@kim-System-Product-Name:~/velocitydrivesp-support$ ^C
(base) kim@kim-System-Product-Name:~/velocitydrivesp-support$ ^C
(base) kim@kim-System-Product-Name:~/velocitydrivesp-support$ cat <<EOF > ipatch-create-ltc.yaml
- ? "/ieee1588-ptp:ptp/mchp-velocitysp-ptp:ltcs/ltc"
  : ltc-index: 0
EOF

dr mup1cc -d /dev/ttyACM0 -m ipatch -i ipatch-create-ltc.yaml
Opening serial port at /dev/ttyACM0
(base) kim@kim-System-Product-Name:~/velocitydrivesp-support$ cat <<EOF > ipatch-create-ptp-instance.yaml
- ? "/ieee1588-ptp:ptp/instances/instance"
  : instance-index: 0
    ports:
      port:
      - port-index: 12
    mchp-velocitysp-ptp:servos:
      servo:
      - servo-index: 0
        servo-type: pi
        ltc-index: 0
EOF

dr mup1cc -d /dev/ttyACM0 -m ipatch -i ipatch-create-ptp-instance.yaml
Opening serial port at /dev/ttyACM0
(base) kim@kim-System-Product-Name:~/velocitydrivesp-support$ cat <<EOF > ipatch-set-ptp-auto-gm.yaml
- ? "/ieee1588-ptp:ptp/instances/instance[instance-index='0']"
  : default-ds:
      external-port-config-enable: true
    mchp-velocitysp-ptp:automotive:
      profile: gm
    ports:
      port:
      - port-index: 12
        external-port-config-port-ds:
          desired-state: master
EOF

dr mup1cc -d /dev/ttyACM0 -m ipatch -i ipatch-set-ptp-auto-gm.yaml
Opening serial port at /dev/ttyACM0
root is not of type: array
root is missing required keys: instance-index
/home/kim/velocitydrivesp-support/support/yang-enc/yang-enc.rb:490:in `json_validate': Errors in JSON data (RuntimeError)
	from /home/kim/velocitydrivesp-support/support/yang-enc/yang-enc.rb:505:in `instance2cbor'
	from /home/kim/velocitydrivesp-support/support/yang-enc/yang-enc.rb:527:in `block in json_seq2cbor'
	from /home/kim/velocitydrivesp-support/support/yang-enc/yang-enc.rb:527:in `each'
	from /home/kim/velocitydrivesp-support/support/yang-enc/yang-enc.rb:527:in `json_seq2cbor'
	from /home/kim/velocitydrivesp-support/support/scripts/mup1cc:313:in `<main>'
(base) kim@kim-System-Product-Name:~/velocitydrivesp-support$ 
(base) kim@kim-System-Product-Name:~/velocitydrivesp-support$ 
(base) kim@kim-System-Product-Name:~/velocitydrivesp-support$ cat <<EOF > ipatch-set-ptp-auto-gm.yaml
- ? "/ieee1588-ptp:ptp/instances/instance"
  : instance-index: 0
    default-ds:
      external-port-config-enable: true
    mchp-velocitysp-ptp:automotive:
      profile: gm
    ports:
      port:
      - port-index: 12
        external-port-config-port-ds:
          desired-state: master
EOF

dr mup1cc -d /dev/ttyACM0 -m ipatch -i ipatch-set-ptp-auto-gm.yaml
Opening serial port at /dev/ttyACM0
(base) kim@kim-System-Product-Name:~/velocitydrivesp-support$ 
(base) kim@kim-System-Product-Name:~/velocitydrivesp-support$ 
(base) kim@kim-System-Product-Name:~/velocitydrivesp-support$ 
(base) kim@kim-System-Product-Name:~/velocitydrivesp-support$ cat <<EOF > ipatch-create-ptp-instance.yaml
- ? "/ieee1588-ptp:ptp/instances/instance"
  : instance-index: 0
    ports:
      port:
      - port-index: 12
    mchp-velocitysp-ptp:servos:
      servo:
      - servo-index: 0
        servo-type: pi
        ltc-index: 0
EOF

dr mup1cc -d /dev/ttyACM0 -m ipatch -i ipatch-create-ptp-instance.yaml
Opening serial port at /dev/ttyACM0
(base) kim@kim-System-Product-Name:~/velocitydrivesp-support$ cat <<EOF > ipatch-set-ptp-auto-gm.yaml
- ? "/ieee1588-ptp:ptp/instances/instance[instance-index='0']"
  : default-ds:
      external-port-config-enable: true
    mchp-velocitysp-ptp:automotive:
      profile: gm
    ports:
      port:
      - port-index: 12
        external-port-config-port-ds:
          desired-state: master
EOF

dr mup1cc -d /dev/ttyACM0 -m ipatch -i ipatch-set-ptp-auto-gm.yaml
Opening serial port at /dev/ttyACM0
root is not of type: array
root is missing required keys: instance-index
/home/kim/velocitydrivesp-support/support/yang-enc/yang-enc.rb:490:in `json_validate': Errors in JSON data (RuntimeError)
	from /home/kim/velocitydrivesp-support/support/yang-enc/yang-enc.rb:505:in `instance2cbor'
	from /home/kim/velocitydrivesp-support/support/yang-enc/yang-enc.rb:527:in `block in json_seq2cbor'
	from /home/kim/velocitydrivesp-support/support/yang-enc/yang-enc.rb:527:in `each'
	from /home/kim/velocitydrivesp-support/support/yang-enc/yang-enc.rb:527:in `json_seq2cbor'
	from /home/kim/velocitydrivesp-support/support/scripts/mup1cc:313:in `<main>'
(base) kim@kim-System-Product-Name:~/velocitydrivesp-support$ cat <<EOF > ipatch-create-ptp-instance.yaml
- ? "/ieee1588-ptp:ptp/instances/instance"
  : instance-index: 0
    ports:
      port:
      - port-index: 12
    mchp-velocitysp-ptp:servos:
      servo:
      - servo-index: 0
        servo-type: pi
        ltc-index: 0
EOF

dr mup1cc -d /dev/ttyACM0 -m ipatch -i ipatch-create-ptp-instance.yaml
Opening serial port at /dev/ttyACM0
(base) kim@kim-System-Product-Name:~/velocitydrivesp-support$ cat <<EOF > ipatch-set-ptp-auto-gm.yaml
- ? "/ieee1588-ptp:ptp/instances/instance"
  : instance-index: 0
    default-ds:
      external-port-config-enable: true
    mchp-velocitysp-ptp:automotive:
      profile: gm
    ports:
      port:
      - port-index: 12
        external-port-config-port-ds:
          desired-state: master
EOF

dr mup1cc -d /dev/ttyACM0 -m ipatch -i ipatch-set-ptp-auto-gm.yaml
Opening serial port at /dev/ttyACM0
(base) kim@kim-System-Product-Name:~/velocitydrivesp-support$ cat <<EOF > ipatch-set-vlan.yaml
- ? "/ieee802-dot1q-bridge:bridges/bridge[name='b0']/component[name='c0']/vlan-registration-entry"
  : - database-id: 0
      vids: "1"
      entry-type: static
      port-map:
      - port-ref: 12
        static-vlan-registration-entries:
          vlan-transmitted: untagged
EOF

dr mup1cc -d /dev/ttyACM0 -m ipatch -i ipatch-set-vlan.yaml
Opening serial port at /dev/ttyACM0
/home/kim/velocitydrivesp-support/support/yang-enc/yang-enc.rb:462:in `block in iid2cbor': Could not find /ieee802-dot1q-bridge:bridges/bridge[name='b0']/component[name='c0']/vlan-registration-entry in schema tree (RuntimeError)
	from /home/kim/velocitydrivesp-support/support/yang-enc/yang-enc.rb:459:in `each'
	from /home/kim/velocitydrivesp-support/support/yang-enc/yang-enc.rb:459:in `iid2cbor'
	from /home/kim/velocitydrivesp-support/support/yang-enc/yang-enc.rb:502:in `instance2cbor'
	from /home/kim/velocitydrivesp-support/support/yang-enc/yang-enc.rb:527:in `block in json_seq2cbor'
	from /home/kim/velocitydrivesp-support/support/yang-enc/yang-enc.rb:527:in `each'
	from /home/kim/velocitydrivesp-support/support/yang-enc/yang-enc.rb:527:in `json_seq2cbor'
	from /home/kim/velocitydrivesp-support/support/scripts/mup1cc:313:in `<main>'
(base) kim@kim-System-Product-Name:~/velocitydrivesp-support$ cat <<EOF > fetch-ptp-instance.yaml
- "/ieee1588-ptp:ptp/instances/instance[instance-index='0']"
EOF

dr mup1cc -d /dev/ttyACM0 -m fetch -i fetch-ptp-instance.yaml -q d=a
Opening serial port at /dev/ttyACM0
---
- "/ieee1588-ptp:ptp/instances/instance":
    instance-index: 0
    default-ds:
      clock-identity: 02-06-3F-FF-FE-F5-0E-00
      priority1: 246
      priority2: 248
      domain-number: 0
      instance-enable: true
      external-port-config-enable: true
      max-steps-removed: 255
      instance-type: relay
    parent-ds:
      parent-port-identity:
        clock-identity: 00-00-00-00-00-00-00-00
        port-number: 0
      grandmaster-identity: 02-06-3F-FF-FE-F5-0E-00
      grandmaster-clock-quality:
        clock-class: ieee1588-ptp:cc-default
        clock-accuracy: mchp-velocitysp-ptp:ca-time-accurate-unknown
      grandmaster-priority1: 246
      grandmaster-priority2: 248
      ieee802-dot1as-ptp:cumulative-rate-ratio: 0
    ports:
      port:
      - port-index: 12
        port-ds:
          port-state: master
          mean-link-delay: '0'
          log-sync-interval: -3
          log-min-pdelay-req-interval: 0
          port-enable: true
          ieee802-dot1as-ptp:as-capable: true
          ieee802-dot1as-ptp:mean-link-delay-thresh: '52428800'
          ieee802-dot1as-ptp:neighbor-rate-ratio: 0
          ieee802-dot1as-ptp:sync-receipt-timeout: 3
          ieee802-dot1as-ptp:use-mgt-log-gptp-cap-interval: false
          ieee802-dot1as-ptp:mgt-log-gptp-cap-interval: 0
          ieee802-dot1as-ptp:use-mgt-one-step-tx-oper: false
          ieee802-dot1as-ptp:mgt-one-step-tx-oper: 0
        timestamp-correction-port-ds:
          egress-latency: '0'
          ingress-latency: '0'
        external-port-config-port-ds:
          desired-state: master
    mchp-velocitysp-ptp:servos:
      servo: []
    mchp-velocitysp-ptp:automotive:
      profile: gm
      oper-log-pdelay-req-interval: 1
      oper-log-sync-interval: 0
    mchp-velocitysp-ptp:l2:
      mac-address: 00-00-00-00-00-00
      mac-address-enable: false
      vlan: 1
      vlan-enable: false
(base) kim@kim-System-Product-Name:~/velocitydrivesp-support$ 
(base) kim@kim-System-Product-Name:~/velocitydrivesp-support$ 
(base) kim@kim-System-Product-Name:~/velocitydrivesp-support$ 
(base) kim@kim-System-Product-Name:~/velocitydrivesp-support$ dr mup1cc -d /dev/ttyACM0 -m ipatch -i ipatch-set-vlan.yaml
Opening serial port at /dev/ttyACM0
/home/kim/velocitydrivesp-support/support/yang-enc/yang-enc.rb:462:in `block in iid2cbor': Could not find /ieee802-dot1q-bridge:bridges/bridge[name='b0']/component[name='c0']/vlan-registration-entry in schema tree (RuntimeError)
        from /home/kim/velocitydrivesp-support/support/yang-enc/yang-enc.rb:459:in `each'
        from /home/kim/velocitydrivesp-support/support/yang-enc/yang-enc.rb:459:in `iid2cbor'
        from /home/kim/velocitydrivesp-support/support/yang-enc/yang-enc.rb:502:in `instance2cbor'
        from /home/kim/velocitydrivesp-support/support/yang-enc/yang-enc.rb:527:in `block in json_seq2cbor'
        from /home/kim/velocitydrivesp-support/support/yang-enc/yang-enc.rb:527:in `each'
        from /home/kim/velocitydrivesp-support/support/yang-enc/yang-enc.rb:527:in `json_seq2cbor'
        from /home/kim/velocitydrivesp-support/support/scripts/mup1cc:313:in `<main>'
(base) kim@kim-System-Product-Name:~/velocitydrivesp-support$ cat <<EOF > fetch-ptp-instance.yaml
- "/ieee1588-ptp:ptp/instances/instance[instance-index='0']"
EOF

dr mup1cc -d /dev/ttyACM0 -m fetch -i fetch-ptp-instance.yaml -q d=a
Opening serial port at /dev/ttyACM0
---
- "/ieee1588-ptp:ptp/instances/instance":
    instance-index: 0
    default-ds:
      clock-identity: 02-06-3F-FF-FE-F5-0E-00
      priority1: 246
      priority2: 248
      domain-number: 0
      instance-enable: true
      external-port-config-enable: true
      max-steps-removed: 255
      instance-type: relay
    parent-ds:
      parent-port-identity:
        clock-identity: 00-00-00-00-00-00-00-00
        port-number: 0
      grandmaster-identity: 02-06-3F-FF-FE-F5-0E-00
      grandmaster-clock-quality:
        clock-class: ieee1588-ptp:cc-default
(base) kim@kim-System-Product-Name:~/velocitydrivesp-support$ lseown
Opening serial port at /dev/ttyACM0
/home/kim/velocitydrivesp-support/support/yang-enc/yang-enc.rb:462:in `block in iid2cbor': Could not find /ieee802-dot1q-bridge:bridges/bridge[name='b0']/component[name='c0']/vlan-registration-entry in schema tree (RuntimeError)
	from /home/kim/velocitydrivesp-support/support/yang-enc/yang-enc.rb:459:in `each'
	from /home/kim/velocitydrivesp-support/support/yang-enc/yang-enc.rb:459:in `iid2cbor'
	from /home/kim/velocitydrivesp-support/support/yang-enc/yang-enc.rb:502:in `instance2cbor'
	from /home/kim/velocitydrivesp-support/support/yang-enc/yang-enc.rb:527:in `block in json_seq2cbor'
	from /home/kim/velocitydrivesp-support/support/yang-enc/yang-enc.rb:527:in `each'
	from /home/kim/velocitydrivesp-support/support/yang-enc/yang-enc.rb:527:in `json_seq2cbor'
	from /home/kim/velocitydrivesp-support/support/scripts/mup1cc:313:in `<main>'
Opening: command not found
bash: command substitution: line 1: unexpected EOF while looking for matching `''
bash: /home/kim/velocitydrivesp-support/support/yang-enc/yang-enc.rb:462:in: No such file or directory
bash: command substitution: line 1: unexpected EOF while looking for matching `''
Command 'from' not found, but can be installed with:
sudo apt install mailutils
> ^C
(base) kim@kim-System-Product-Name:~/velocitydrivesp-support$ ^C
(base) kim@kim-System-Product-Name:~/velocitydrivesp-support$ ^C
(base) kim@kim-System-Product-Name:~/velocitydrivesp-support$ cat <<EOF > ipatch-set-vlan.yaml
- ? "/ieee802-dot1q-bridge:bridges/bridge[name='b0']/component[name='c0']/port[name='12']/mchp-velocitysp-bridge:bridge-port"
  : vlan-id: 1
    vlan-tag-mode: untagged
EOF

dr mup1cc -d /dev/ttyACM0 -m ipatch -i ipatch-set-vlan.yaml
Opening serial port at /dev/ttyACM0
/home/kim/velocitydrivesp-support/support/yang-enc/yang-enc.rb:462:in `block in iid2cbor': Could not find /ieee802-dot1q-bridge:bridges/bridge[name='b0']/component[name='c0']/port[name='12'] in schema tree (RuntimeError)
	from /home/kim/velocitydrivesp-support/support/yang-enc/yang-enc.rb:459:in `each'
	from /home/kim/velocitydrivesp-support/support/yang-enc/yang-enc.rb:459:in `iid2cbor'
	from /home/kim/velocitydrivesp-support/support/yang-enc/yang-enc.rb:502:in `instance2cbor'
	from /home/kim/velocitydrivesp-support/support/yang-enc/yang-enc.rb:527:in `block in json_seq2cbor'
	from /home/kim/velocitydrivesp-support/support/yang-enc/yang-enc.rb:527:in `each'
	from /home/kim/velocitydrivesp-support/support/yang-enc/yang-enc.rb:527:in `json_seq2cbor'
	from /home/kim/velocitydrivesp-support/support/scripts/mup1cc:313:in `<main>'
(base) kim@kim-System-Product-Name:~/velocitydrivesp-support$ 
(base) kim@kim-System-Product-Name:~/velocitydrivesp-support$ 
(base) kim@kim-System-Product-Name:~/velocitydrivesp-support$ # 1) 삭제·초기화 + 생성·IP 설정
cat <<EOF > ipatch-reset-set-ip.yaml
# ——————————————————————————————————————
# 1) 기존 L3V1 인터페이스 삭제
- ? "/ietf-interfaces:interfaces/interface[name='L3V1']"
  :

# 2) L3V1 인터페이스 생성·활성화
- ? "/ietf-interfaces:interfaces/interface"
  : name:    "L3V1"
    type:    iana-if-type:l3ipvlan
    enabled: true

# 3) IPv4 설정 (포워딩 해제 + 주소 할당)
- ? "/ietf-interfaces:interfaces/interface[name='L3V1']/ietf-ip:ipv4"
  : forwarding: false
    address:
      - ip:            "169.254.59.100"
        prefix-length: 16
EOF

# 적용
dr mup1cc -d /dev/ttyACM0 -m ipatch -i ipatch-reset-set-ip.yaml
Opening serial port at /dev/ttyACM0
TRACE: "00:22:24-561974 "
TRACE: "cc/error 1647 : "
TRACE: "SID 2036 (parent SID 2033) has state = VALID and has not been handled by the module!"
TRACE: "\n"
ERROR: response code 5.00
(base) kim@kim-System-Product-Name:~/velocitydrivesp-support$ ping 169.254.59.100
PING 169.254.59.100 (169.254.59.100) 56(84) bytes of data.
64 bytes from 169.254.59.100: icmp_seq=1 ttl=31 time=2.50 ms
64 bytes from 169.254.59.100: icmp_seq=2 ttl=31 time=1.52 ms
64 bytes from 169.254.59.100: icmp_seq=3 ttl=31 time=2.20 ms
64 bytes from 169.254.59.100: icmp_seq=4 ttl=31 time=0.838 ms
^C
--- 169.254.59.100 ping statistics ---
4 packets transmitted, 4 received, 0% packet loss, time 3005ms
rtt min/avg/max/mdev = 0.838/1.764/2.495/0.640 ms
(base) kim@kim-System-Product-Name:~/velocitydrivesp-support$ 
(base) kim@kim-System-Product-Name:~/velocitydrivesp-support$ 
(base) kim@kim-System-Product-Name:~/velocitydrivesp-support$ 
(base) kim@kim-System-Product-Name:~/velocitydrivesp-support$ cat <<EOF > ipatch-full-init.yaml
# 1) 기존 PTP 인스턴스 완전 삭제
- ? "/ieee1588-ptp:ptp/instances/instance[instance-index='0']"
  :

# 2) 포트 12 VLAN 설정 초기화 (태그, 필터링, PVID 복구)
- ? "/ietf-interfaces:interfaces/interface[name='12']/ieee802-dot1q-bridge:bridge-port/port-type"
  : ieee802-dot1q-bridge:d-bridge-port
- ? "/ietf-interfaces:interfaces/interface[name='12']/ieee802-dot1q-bridge:bridge-port/acceptable-frame"
  : admit-all-frames
- ? "/ietf-interfaces:interfaces/interface[name='12']/ieee802-dot1q-bridge:bridge-port/enable-ingress-filtering"
  : false
- ? "/ietf-interfaces:interfaces/interface[name='12']/ieee802-dot1q-bridge:bridge-port/pvid"
  : 1

# 3) PTP 인스턴스 생성 (Instance‑0, 포트 12, PI 서보)
- ? "/ieee1588-ptp:ptp/instances/instance"
  : instance-index: 0
    ports:
      port:
      - port-index: 12
    mchp-velocitysp-ptp:servos:
      servo:
      - servo-index: 0
        servo-type: pi
        ltc-index: 0

# 4) PTP L2 설정: VLAN 태그 사용 안 함
- ? "/ieee1588-ptp:ptp/instances/instance[instance-index='0']/mchp-velocitysp-ptp:l2"
  : vlan-enable: false
EOF

# 실행
dr mup1cc -d /dev/ttyACM0 -m ipatch -i ipatch-full-init.yaml

# 결과 확인
cat <<EOF > fetch-full.yaml
- "/ieee1588-ptp:ptp/instances/instance"
dr mup1cc -d /dev/ttyACM0 -m fetch -i fetch-full.yaml -q d=a
Opening serial port at /dev/ttyACM0
Opening serial port at /dev/ttyACM0
---
- "/ieee1588-ptp:ptp/instances/instance":
  - instance-index: 0
    default-ds:
      clock-identity: 02-06-3F-FF-FE-F5-0E-00
      priority1: 246
      priority2: 248
      domain-number: 0
      instance-enable: true
      external-port-config-enable: false
      max-steps-removed: 255
      instance-type: relay
    parent-ds:
      parent-port-identity:
        clock-identity: 00-00-00-00-00-00-00-00
        port-number: 0
      grandmaster-identity: 02-06-3F-FF-FE-F5-0E-00
      grandmaster-clock-quality:
        clock-class: ieee1588-ptp:cc-default
        clock-accuracy: mchp-velocitysp-ptp:ca-time-accurate-unknown
      grandmaster-priority1: 246
      grandmaster-priority2: 248
      ieee802-dot1as-ptp:cumulative-rate-ratio: 0
    ports:
      port:
      - port-index: 12
        port-ds:
          port-state: disabled
          mean-link-delay: '0'
          log-sync-interval: -3
          log-min-pdelay-req-interval: 0
          port-enable: true
          ieee802-dot1as-ptp:as-capable: false
          ieee802-dot1as-ptp:mean-link-delay-thresh: '52428800'
          ieee802-dot1as-ptp:neighbor-rate-ratio: 0
          ieee802-dot1as-ptp:sync-receipt-timeout: 3
          ieee802-dot1as-ptp:use-mgt-log-gptp-cap-interval: false
          ieee802-dot1as-ptp:mgt-log-gptp-cap-interval: 0
          ieee802-dot1as-ptp:use-mgt-one-step-tx-oper: false
          ieee802-dot1as-ptp:mgt-one-step-tx-oper: 0
        timestamp-correction-port-ds:
          egress-latency: '0'
          ingress-latency: '0'
        external-port-config-port-ds:
          desired-state: disabled
    mchp-velocitysp-ptp:servos:
      servo:
      - servo-index: 0
        servo-type: pi
        ltc-index: 0
        offset: '0'
        state: 0
    mchp-velocitysp-ptp:automotive:
      profile: none
      oper-log-pdelay-req-interval: 1
      oper-log-sync-interval: 0
    mchp-velocitysp-ptp:l2:
      mac-address: 00-00-00-00-00-00
      mac-address-enable: false
      vlan: 1
      vlan-enable: false
(base) kim@kim-System-Product-Name:~/velocitydrivesp-support$ 
(base) kim@kim-System-Product-Name:~/velocitydrivesp-support$ 
(base) kim@kim-System-Product-Name:~/velocitydrivesp-support$ # 1) PTP 인스턴스 초기화 (instance-index=0 삭제)
cat <<EOF > ipatch-delete-ptp-instance.yaml
- ? "/ieee1588-ptp:ptp/instances/instance[instance-index='0']"
  :
EOF
dr mup1cc -d /dev/ttyACM0 -m ipatch -i ipatch-delete-ptp-instance.yaml

# 2) PTP GM 설정 (instance-index=0 생성 · 포트12번 master)
cat <<EOF > ipatch-create-ptp-gm.yaml
- ? "/ieee1588-ptp:ptp/instances/instance"
  : instance-index: 0
    default-ds:
      external-port-config-enable: true
    mchp-velocitysp-ptp:automotive:
      profile: gm
    ports:
      port:
      - port-index: 12
        external-port-config-port-ds:
          desired-state: master
EOF
dr mup1cc -d /dev/ttyACM0 -m ipatch -i ipatch-create-ptp-gm.yaml

# 3) VLAN 10 태그드 멤버 설정 (포트12를 VLAN 10 tagged로)
cat <<EOF > ipatch-set-vlan.yaml
- ? "/ieee802-dot1q-bridge:bridges/bridge[name='b0']/component[name='c0']/filtering-database/vlan-registration-entry"
  : database-id: 0
    vids: '10'
    entry-type: static
    port-map:
    - port-ref: 12
      static-vlan-registration-entries:
        vlan-transmitted: tagged
EOF
dr mup1cc -d /dev/ttyACM0 -m ipatch -i ipatch-set-vlan.yaml
Opening serial port at /dev/ttyACM0
Opening serial port at /dev/ttyACM0
Opening serial port at /dev/ttyACM0
(base) kim@kim-System-Product-Name:~/velocitydrivesp-support$ # 4) PTP L2 (MAC+VLAN) 설정
cat <<EOF > ipatch-ptp-l2-set.yaml
- ? "/ieee1588-ptp:ptp/instances/instance[instance-index='0']/mchp-velocitysp-ptp:l2"
  : mac-address: 02-06-3F-F5-0E-00
    mac-address-enable: true
    vlan: 10
    vlan-enable: true
EOF
dr mup1cc -d /dev/ttyACM0 -m ipatch -i ipatch-ptp-l2-set.yaml

# 확인
cat <<EOF > fetch-ptp-l2.yaml
- "/ieee1588-ptp:ptp/instances/instance[instance-index='0']/mchp-velocitysp-ptp:l2"
EOF
dr mup1cc -d /dev/ttyACM0 -m fetch -i fetch-ptp-l2.yaml -q d=a
Opening serial port at /dev/ttyACM0
Opening serial port at /dev/ttyACM0
---
- "/ieee1588-ptp:ptp/instances/instance/mchp-velocitysp-ptp:l2":
    mac-address: 02-06-3F-F5-0E-00
    mac-address-enable: true
    vlan: 10
    vlan-enable: true
(base) kim@kim-System-Product-Name:~/velocitydrivesp-support$ 
(base) kim@kim-System-Product-Name:~/velocitydrivesp-support$ 
(base) kim@kim-System-Product-Name:~/velocitydrivesp-support$ 
(base) kim@kim-System-Product-Name:~/velocitydrivesp-support$ cat <<EOF > ipatch-delete-vlan10.yaml
- ? "/ieee802-dot1q-bridge:bridges/bridge[name='b0']/component[name='c0']/filtering-database/vlan-registration-entry[database-id='0'][vids='10']"
  :
EOF
dr mup1cc -d /dev/ttyACM0 -m ipatch -i ipatch-delete-vlan10.yaml
Opening serial port at /dev/ttyACM0
(base) kim@kim-System-Product-Name:~/velocitydrivesp-support$ cat <<EOF > ipatch-add-vlan1.yaml
- ? "/ieee802-dot1q-bridge:bridges/bridge[name='b0']/component[name='c0']/filtering-database/vlan-registration-entry"
  : database-id: 0
    vids: '1'
    entry-type: static
    port-map:
    - port-ref: 12
      static-vlan-registration-entries:
        vlan-transmitted: untagged
EOF
dr mup1cc -d /dev/ttyACM0 -m ipatch -i ipatch-add-vlan1.yaml
Opening serial port at /dev/ttyACM0
(base) kim@kim-System-Product-Name:~/velocitydrivesp-support$ 
(base) kim@kim-System-Product-Name:~/velocitydrivesp-support$ 
(base) kim@kim-System-Product-Name:~/velocitydrivesp-support$ cat <<EOF > ipatch-ptp-l2-vlan1.yaml
- ? "/ieee1588-ptp:ptp/instances/instance[instance-index='0']/mchp-velocitysp-ptp:l2"
  : vlan: 1
    vlan-enable: false
EOF
dr mup1cc -d /dev/ttyACM0 -m ipatch -i ipatch-ptp-l2-vlan1.yaml
Opening serial port at /dev/ttyACM0
(base) kim@kim-System-Product-Name:~/velocitydrivesp-support$ 
(base) kim@kim-System-Product-Name:~/velocitydrivesp-support$ 
(base) kim@kim-System-Product-Name:~/velocitydrivesp-support$ # 1) (만약 이전에 만든 PTP 인스턴스가 있으면 삭제)
cat <<EOF > ipatch-delete-ptp-instance.yaml
- ? "/ieee1588-ptp:ptp/instances/instance[instance-index='0']"
  :
EOF
dr mup1cc -d /dev/ttyACM0 -m ipatch -i ipatch-delete-ptp-instance.yaml

# 2) 포트 12를 완전한 언태그 액세스 포트로 리셋
cat <<EOF > ipatch-reset-port12.yaml
# 2.1) 포트 타입 → d-bridge-port (태그 미지원)
- ? "/ietf-interfaces:interfaces/interface[name='12']/ieee802-dot1q-bridge:bridge-port/port-type"
  : ieee802-dot1q-bridge:d-bridge-port
# 2.2) 모든 프레임 허용
- ? "/ietf-interfaces:interfaces/interface[name='12']/ieee802-dot1q-bridge:bridge-port/acceptable-frame"
  : admit-all-frames
# 2.3) 인그레스 필터링 끄기
- ? "/ietf-interfaces:interfaces/interface[name='12']/ieee802-dot1q-bridge:bridge-port/enable-ingress-filtering"
  : false
# 2.4) PVID → 1 (기본 VLAN)
- ? "/ietf-interfaces:interfaces/interface[name='12']/ieee802-dot1q-bridge:bridge-port/pvid"
  : 1
# 2.5) 이전에 추가된 VLAN 10 엔트리 삭제
- ? "/ieee802-dot1q-bridge:bridges/bridge[name='b0']/component[name='c0']/filtering-database/vlan-registration-entry[database-id='0'][vids='10']"
  :
EOF
dr mup1cc -d /dev/ttyACM0 -m ipatch -i ipatch-reset-port12.yaml

# 3) PTP GM 인스턴스 생성 (자동차 GM 프로파일, 포트12 GM)
cat <<EOF > ipatch-create-ptp-gm.yaml
- ? "/ieee1588-ptp:ptp/instances/instance"
  : instance-index: 0
    default-ds:
      external-port-config-enable: true
    mchp-velocitysp-ptp:automotive:
      profile: gm
    ports:
      port:
dr mup1cc -d /dev/ttyACM0 -m fetch -i fetch-ptp-l2.yaml -q d=ahp-velocitysp-ptp:l2"2"
Opening serial port at /dev/ttyACM0
Opening serial port at /dev/ttyACM0
Opening serial port at /dev/ttyACM0
Opening serial port at /dev/ttyACM0
Opening serial port at /dev/ttyACM0
---
- "/ieee1588-ptp:ptp/instances/instance":
    instance-index: 0
    default-ds:
      clock-identity: 02-06-3F-FF-FE-F5-0E-00
      priority1: 246
      priority2: 248
      domain-number: 0
      instance-enable: true
      external-port-config-enable: true
      max-steps-removed: 255
      instance-type: relay
    parent-ds:
      parent-port-identity:
        clock-identity: 00-00-00-00-00-00-00-00
        port-number: 0
      grandmaster-identity: 02-06-3F-FF-FE-F5-0E-00
      grandmaster-clock-quality:
        clock-class: ieee1588-ptp:cc-default
        clock-accuracy: mchp-velocitysp-ptp:ca-time-accurate-unknown
      grandmaster-priority1: 246
      grandmaster-priority2: 248
      ieee802-dot1as-ptp:cumulative-rate-ratio: 0
    ports:
      port:
      - port-index: 12
        port-ds:
          port-state: master
          mean-link-delay: '0'
          log-sync-interval: -3
          log-min-pdelay-req-interval: 0
          port-enable: true
          ieee802-dot1as-ptp:as-capable: true
          ieee802-dot1as-ptp:mean-link-delay-thresh: '52428800'
          ieee802-dot1as-ptp:neighbor-rate-ratio: 0
          ieee802-dot1as-ptp:sync-receipt-timeout: 3
          ieee802-dot1as-ptp:use-mgt-log-gptp-cap-interval: false
          ieee802-dot1as-ptp:mgt-log-gptp-cap-interval: 0
          ieee802-dot1as-ptp:use-mgt-one-step-tx-oper: false
          ieee802-dot1as-ptp:mgt-one-step-tx-oper: 0
        timestamp-correction-port-ds:
          egress-latency: '0'
          ingress-latency: '0'
        external-port-config-port-ds:
          desired-state: master
    mchp-velocitysp-ptp:servos:
      servo: []
    mchp-velocitysp-ptp:automotive:
      profile: gm
      oper-log-pdelay-req-interval: 1
      oper-log-sync-interval: 0
    mchp-velocitysp-ptp:l2:
      mac-address: 02-06-3F-F5-0E-00
      mac-address-enable: true
      vlan: 1
      vlan-enable: false
Opening serial port at /dev/ttyACM0
---
- "/ieee1588-ptp:ptp/instances/instance/mchp-velocitysp-ptp:l2":
    mac-address: 02-06-3F-F5-0E-00
    mac-address-enable: true
    vlan: 1
    vlan-enable: false
(base) kim@kim-System-Product-Name:~/velocitydrivesp-support$ 
(base) kim@kim-System-Product-Name:~/velocitydrivesp-support$ 
(base) kim@kim-System-Product-Name:~/velocitydrivesp-support$ # 1‑1) 기존 인스턴스 삭제
cat <<EOF > ipatch-delete.yaml
- ? "/ieee1588-ptp:ptp/instances/instance[instance-index='0']"
  :
EOF
dr mup1cc -d /dev/ttyACM0 -m ipatch -i ipatch-delete.yaml

# 1‑2) 포트12 언태그 액세스로 리셋
cat <<EOF > ipatch-reset-port12.yaml
- ? "/ietf-interfaces:interfaces/interface[name='12']/ieee802-dot1q-bridge:bridge-port/port-type"
  : ieee802-dot1q-bridge:d-bridge-port
- ? "/ietf-interfaces:interfaces/interface[name='12']/ieee802-dot1q-bridge:bridge-port/acceptable-frame"
  : admit-all-frames
- ? "/ietf-interfaces:interfaces/interface[name='12']/ieee802-dot1q-bridge:bridge-port/enable-ingress-filtering"
  : false
- ? "/ietf-interfaces:interfaces/interface[name='12']/ieee802-dot1q-bridge:bridge-port/pvid"
  : 1
EOF
dr mup1cc -d /dev/ttyACM0 -m ipatch -i ipatch-reset-port12.yaml

# 1‑3) GM 인스턴스 생성
cat <<EOF > ipatch-create-gm.yaml
- ? "/ieee1588-ptp:ptp/instances/instance"
  : instance-index: 0
    default-ds:
      external-port-config-enable: true
    mchp-velocitysp-ptp:automotive:
      profile: gm
    ports:
      port:
      - port-index: 12
        external-port-config-port-ds:
          desired-state: master
EOF
dr mup1cc -d /dev/ttyACM0 -m ipatch -i ipatch-create-gm.yaml

# 1‑4) L2(MAC) 설정: VLAN 태그 없이 동작하도록
cat <<EOF > ipatch-l2.yaml
- ? "/ieee1588-ptp:ptp/instances/instance[instance-index='0']/mchp-velocitysp-ptp:l2"
dr mup1cc -d /dev/ttyACM0 -m ipatch -i ipatch-l2.yaml
Opening serial port at /dev/ttyACM0
Opening serial port at /dev/ttyACM0
Opening serial port at /dev/ttyACM0
Opening serial port at /dev/ttyACM0
(base) kim@kim-System-Product-Name:~/velocitydrivesp-support$ cat <<EOF > fetch-ptp.yaml
- "/ieee1588-ptp:ptp/instances/instance[instance-index='0']"
EOF
dr mup1cc -d /dev/ttyACM0 -m fetch -i fetch-ptp.yaml -q d=a
Opening serial port at /dev/ttyACM0
---
- "/ieee1588-ptp:ptp/instances/instance":
    instance-index: 0
    default-ds:
      clock-identity: 02-06-3F-FF-FE-F5-0E-00
      priority1: 246
      priority2: 248
      domain-number: 0
      instance-enable: true
      external-port-config-enable: true
      max-steps-removed: 255
      instance-type: relay
    parent-ds:
      parent-port-identity:
        clock-identity: 00-00-00-00-00-00-00-00
        port-number: 0
      grandmaster-identity: 02-06-3F-FF-FE-F5-0E-00
      grandmaster-clock-quality:
        clock-class: ieee1588-ptp:cc-default
        clock-accuracy: mchp-velocitysp-ptp:ca-time-accurate-unknown
      grandmaster-priority1: 246
      grandmaster-priority2: 248
      ieee802-dot1as-ptp:cumulative-rate-ratio: 0
    ports:
      port:
      - port-index: 12
        port-ds:
          port-state: master
          mean-link-delay: '0'
          log-sync-interval: -3
          log-min-pdelay-req-interval: 0
          port-enable: true
          ieee802-dot1as-ptp:as-capable: true
          ieee802-dot1as-ptp:mean-link-delay-thresh: '52428800'
          ieee802-dot1as-ptp:neighbor-rate-ratio: 0
          ieee802-dot1as-ptp:sync-receipt-timeout: 3
          ieee802-dot1as-ptp:use-mgt-log-gptp-cap-interval: false
          ieee802-dot1as-ptp:mgt-log-gptp-cap-interval: 0
          ieee802-dot1as-ptp:use-mgt-one-step-tx-oper: false
          ieee802-dot1as-ptp:mgt-one-step-tx-oper: 0
        timestamp-correction-port-ds:
          egress-latency: '0'
          ingress-latency: '0'
        external-port-config-port-ds:
          desired-state: master
    mchp-velocitysp-ptp:servos:
      servo: []
    mchp-velocitysp-ptp:automotive:
      profile: gm
      oper-log-pdelay-req-interval: 1
      oper-log-sync-interval: 0
    mchp-velocitysp-ptp:l2:
      mac-address: 02-06-3F-F5-0E-00
      mac-address-enable: true
      vlan: 1
      vlan-enable: false
(base) kim@kim-System-Product-Name:~/velocitydrivesp-support$ dr mup1cc -d /dev/ttyACM0 -m fetch -i fetch-ptp.yaml -q d=a
Opening serial port at /dev/ttyACM0
---
- "/ieee1588-ptp:ptp/instances/instance":
    instance-index: 0
    default-ds:
      clock-identity: 02-06-3F-FF-FE-F5-0E-00
      priority1: 246
      priority2: 248
      domain-number: 0
      instance-enable: true
      external-port-config-enable: true
      max-steps-removed: 255
      instance-type: relay
    parent-ds:
      parent-port-identity:
        clock-identity: 00-00-00-00-00-00-00-00
        port-number: 0
      grandmaster-identity: 02-06-3F-FF-FE-F5-0E-00
      grandmaster-clock-quality:
        clock-class: ieee1588-ptp:cc-default
        clock-accuracy: mchp-velocitysp-ptp:ca-time-accurate-unknown
      grandmaster-priority1: 246
      grandmaster-priority2: 248
      ieee802-dot1as-ptp:cumulative-rate-ratio: 0
    ports:
      port:
      - port-index: 12
        port-ds:
          port-state: master
          mean-link-delay: '0'
          log-sync-interval: -3
          log-min-pdelay-req-interval: 1
          port-enable: true
          ieee802-dot1as-ptp:as-capable: true
          ieee802-dot1as-ptp:mean-link-delay-thresh: '52428800'
          ieee802-dot1as-ptp:neighbor-rate-ratio: -2147483648
          ieee802-dot1as-ptp:sync-receipt-timeout: 3
          ieee802-dot1as-ptp:use-mgt-log-gptp-cap-interval: false
          ieee802-dot1as-ptp:mgt-log-gptp-cap-interval: 0
          ieee802-dot1as-ptp:use-mgt-one-step-tx-oper: false
          ieee802-dot1as-ptp:mgt-one-step-tx-oper: 0
        timestamp-correction-port-ds:
          egress-latency: '0'
          ingress-latency: '0'
        external-port-config-port-ds:
          desired-state: master
    mchp-velocitysp-ptp:servos:
      servo: []
    mchp-velocitysp-ptp:automotive:
      profile: gm
      oper-log-pdelay-req-interval: 1
      oper-log-sync-interval: 0
    mchp-velocitysp-ptp:l2:
      mac-address: 02-06-3F-F5-0E-00
      mac-address-enable: true
      vlan: 1
      vlan-enable: false
(base) kim@kim-System-Product-Name:~/velocitydrivesp-support$ dr mup1cc -d /dev/ttyACM0 -m fetch -i fetch-ptp.yaml -q d=a
Opening serial port at /dev/ttyACM0
---
- "/ieee1588-ptp:ptp/instances/instance":
    instance-index: 0
    default-ds:
      clock-identity: 02-06-3F-FF-FE-F5-0E-00
      priority1: 246
      priority2: 248
      domain-number: 0
      instance-enable: true
      external-port-config-enable: true
      max-steps-removed: 255
      instance-type: relay
    parent-ds:
      parent-port-identity:
        clock-identity: 00-00-00-00-00-00-00-00
        port-number: 0
      grandmaster-identity: 02-06-3F-FF-FE-F5-0E-00
      grandmaster-clock-quality:
        clock-class: ieee1588-ptp:cc-default
        clock-accuracy: mchp-velocitysp-ptp:ca-time-accurate-unknown
      grandmaster-priority1: 246
      grandmaster-priority2: 248
      ieee802-dot1as-ptp:cumulative-rate-ratio: 0
    ports:
      port:
      - port-index: 12
        port-ds:
          port-state: master
          mean-link-delay: '0'
          log-sync-interval: -3
          log-min-pdelay-req-interval: 1
          port-enable: true
          ieee802-dot1as-ptp:as-capable: true
          ieee802-dot1as-ptp:mean-link-delay-thresh: '52428800'
          ieee802-dot1as-ptp:neighbor-rate-ratio: -2147483648
          ieee802-dot1as-ptp:sync-receipt-timeout: 3
          ieee802-dot1as-ptp:use-mgt-log-gptp-cap-interval: false
          ieee802-dot1as-ptp:mgt-log-gptp-cap-interval: 0
          ieee802-dot1as-ptp:use-mgt-one-step-tx-oper: false
          ieee802-dot1as-ptp:mgt-one-step-tx-oper: 0
        timestamp-correction-port-ds:
          egress-latency: '0'
          ingress-latency: '0'
        external-port-config-port-ds:
          desired-state: master
    mchp-velocitysp-ptp:servos:
      servo: []
    mchp-velocitysp-ptp:automotive:
      profile: gm
      oper-log-pdelay-req-interval: 1
      oper-log-sync-interval: 0
    mchp-velocitysp-ptp:l2:
      mac-address: 02-06-3F-F5-0E-00
      mac-address-enable: true
      vlan: 1
      vlan-enable: false
(base) kim@kim-System-Product-Name:~/velocitydrivesp-support$ dr mup1cc -d /dev/ttyACM0 -m fetch -i fetch-ptp.yaml -q d=a
Opening serial port at /dev/ttyACM0
---
- "/ieee1588-ptp:ptp/instances/instance":
    instance-index: 0
    default-ds:
      clock-identity: 02-06-3F-FF-FE-F5-0E-00
      priority1: 246
      priority2: 248
      domain-number: 0
      instance-enable: true
      external-port-config-enable: true
      max-steps-removed: 255
      instance-type: relay
    parent-ds:
      parent-port-identity:
        clock-identity: 00-00-00-00-00-00-00-00
        port-number: 0
      grandmaster-identity: 02-06-3F-FF-FE-F5-0E-00
      grandmaster-clock-quality:
        clock-class: ieee1588-ptp:cc-default
        clock-accuracy: mchp-velocitysp-ptp:ca-time-accurate-unknown
      grandmaster-priority1: 246
      grandmaster-priority2: 248
      ieee802-dot1as-ptp:cumulative-rate-ratio: 0
    ports:
      port:
      - port-index: 12
        port-ds:
          port-state: master
          mean-link-delay: '0'
          log-sync-interval: -3
          log-min-pdelay-req-interval: 1
          port-enable: true
          ieee802-dot1as-ptp:as-capable: true
          ieee802-dot1as-ptp:mean-link-delay-thresh: '52428800'
          ieee802-dot1as-ptp:neighbor-rate-ratio: -2147483648
          ieee802-dot1as-ptp:sync-receipt-timeout: 3
          ieee802-dot1as-ptp:use-mgt-log-gptp-cap-interval: false
          ieee802-dot1as-ptp:mgt-log-gptp-cap-interval: 0
          ieee802-dot1as-ptp:use-mgt-one-step-tx-oper: false
          ieee802-dot1as-ptp:mgt-one-step-tx-oper: 0
        timestamp-correction-port-ds:
          egress-latency: '0'
          ingress-latency: '0'
        external-port-config-port-ds:
          desired-state: master
    mchp-velocitysp-ptp:servos:
      servo: []
    mchp-velocitysp-ptp:automotive:
      profile: gm
      oper-log-pdelay-req-interval: 1
      oper-log-sync-interval: 0
    mchp-velocitysp-ptp:l2:
      mac-address: 02-06-3F-F5-0E-00
      mac-address-enable: true
      vlan: 1
      vlan-enable: false
(base) kim@kim-System-Product-Name:~/velocitydrivesp-support$ dr mup1cc -d /dev/ttyACM0 -m fetch -i fetch-ptp.yaml -q d=a
Opening serial port at /dev/ttyACM0
---
- "/ieee1588-ptp:ptp/instances/instance":
    instance-index: 0
    default-ds:
      clock-identity: 02-06-3F-FF-FE-F5-0E-00
      priority1: 246
      priority2: 248
      domain-number: 0
      instance-enable: true
      external-port-config-enable: true
      max-steps-removed: 255
      instance-type: relay
    parent-ds:
      parent-port-identity:
        clock-identity: 00-00-00-00-00-00-00-00
        port-number: 0
      grandmaster-identity: 02-06-3F-FF-FE-F5-0E-00
      grandmaster-clock-quality:
        clock-class: ieee1588-ptp:cc-default
        clock-accuracy: mchp-velocitysp-ptp:ca-time-accurate-unknown
      grandmaster-priority1: 246
      grandmaster-priority2: 248
      ieee802-dot1as-ptp:cumulative-rate-ratio: 0
    ports:
      port:
      - port-index: 12
        port-ds:
          port-state: master
          mean-link-delay: '0'
          log-sync-interval: -3
          log-min-pdelay-req-interval: 1
          port-enable: true
          ieee802-dot1as-ptp:as-capable: true
          ieee802-dot1as-ptp:mean-link-delay-thresh: '52428800'
          ieee802-dot1as-ptp:neighbor-rate-ratio: -2147483648
          ieee802-dot1as-ptp:sync-receipt-timeout: 3
          ieee802-dot1as-ptp:use-mgt-log-gptp-cap-interval: false
          ieee802-dot1as-ptp:mgt-log-gptp-cap-interval: 0
          ieee802-dot1as-ptp:use-mgt-one-step-tx-oper: false
          ieee802-dot1as-ptp:mgt-one-step-tx-oper: 0
        timestamp-correction-port-ds:
          egress-latency: '0'
          ingress-latency: '0'
        external-port-config-port-ds:
          desired-state: master
    mchp-velocitysp-ptp:servos:
      servo: []
    mchp-velocitysp-ptp:automotive:
      profile: gm
      oper-log-pdelay-req-interval: 1
      oper-log-sync-interval: 0
    mchp-velocitysp-ptp:l2:
      mac-address: 02-06-3F-F5-0E-00
      mac-address-enable: true
      vlan: 1
      vlan-enable: false
(base) kim@kim-System-Product-Name:~/velocitydrivesp-support$ dr mup1cc -d /dev/ttyACM0 -m fetch -i fetch-ptp.yaml -q d=a
Opening serial port at /dev/ttyACM0
---
- "/ieee1588-ptp:ptp/instances/instance":
    instance-index: 0
    default-ds:
      clock-identity: 02-06-3F-FF-FE-F5-0E-00
      priority1: 246
      priority2: 248
      domain-number: 0
      instance-enable: true
      external-port-config-enable: true
      max-steps-removed: 255
      instance-type: relay
    parent-ds:
      parent-port-identity:
        clock-identity: 00-00-00-00-00-00-00-00
        port-number: 0
      grandmaster-identity: 02-06-3F-FF-FE-F5-0E-00
      grandmaster-clock-quality:
        clock-class: ieee1588-ptp:cc-default
        clock-accuracy: mchp-velocitysp-ptp:ca-time-accurate-unknown
      grandmaster-priority1: 246
      grandmaster-priority2: 248
      ieee802-dot1as-ptp:cumulative-rate-ratio: 0
    ports:
      port:
      - port-index: 12
        port-ds:
          port-state: master
          mean-link-delay: '0'
          log-sync-interval: -3
          log-min-pdelay-req-interval: 1
          port-enable: true
          ieee802-dot1as-ptp:as-capable: true
          ieee802-dot1as-ptp:mean-link-delay-thresh: '52428800'
          ieee802-dot1as-ptp:neighbor-rate-ratio: -2147483648
          ieee802-dot1as-ptp:sync-receipt-timeout: 3
          ieee802-dot1as-ptp:use-mgt-log-gptp-cap-interval: false
          ieee802-dot1as-ptp:mgt-log-gptp-cap-interval: 0
          ieee802-dot1as-ptp:use-mgt-one-step-tx-oper: false
          ieee802-dot1as-ptp:mgt-one-step-tx-oper: 0
        timestamp-correction-port-ds:
          egress-latency: '0'
          ingress-latency: '0'
        external-port-config-port-ds:
          desired-state: master
    mchp-velocitysp-ptp:servos:
      servo: []
    mchp-velocitysp-ptp:automotive:
      profile: gm
      oper-log-pdelay-req-interval: 1
      oper-log-sync-interval: 0
    mchp-velocitysp-ptp:l2:
      mac-address: 02-06-3F-F5-0E-00
      mac-address-enable: true
      vlan: 1
      vlan-enable: false
(base) kim@kim-System-Product-Name:~/velocitydrivesp-support$ dr mup1cc -d /dev/ttyACM0 -m fetch -i fetch-ptp.yaml -q d=a
Opening serial port at /dev/ttyACM0
---
- "/ieee1588-ptp:ptp/instances/instance":
    instance-index: 0
    default-ds:
      clock-identity: 02-06-3F-FF-FE-F5-0E-00
      priority1: 246
      priority2: 248
      domain-number: 0
      instance-enable: true
      external-port-config-enable: true
      max-steps-removed: 255
      instance-type: relay
    parent-ds:
      parent-port-identity:
        clock-identity: 00-00-00-00-00-00-00-00
        port-number: 0
      grandmaster-identity: 02-06-3F-FF-FE-F5-0E-00
      grandmaster-clock-quality:
        clock-class: ieee1588-ptp:cc-default
        clock-accuracy: mchp-velocitysp-ptp:ca-time-accurate-unknown
      grandmaster-priority1: 246
      grandmaster-priority2: 248
      ieee802-dot1as-ptp:cumulative-rate-ratio: 0
    ports:
      port:
      - port-index: 12
        port-ds:
          port-state: master
          mean-link-delay: '0'
          log-sync-interval: -3
          log-min-pdelay-req-interval: 1
          port-enable: true
          ieee802-dot1as-ptp:as-capable: true
          ieee802-dot1as-ptp:mean-link-delay-thresh: '52428800'
          ieee802-dot1as-ptp:neighbor-rate-ratio: -2147483648
          ieee802-dot1as-ptp:sync-receipt-timeout: 3
          ieee802-dot1as-ptp:use-mgt-log-gptp-cap-interval: false
          ieee802-dot1as-ptp:mgt-log-gptp-cap-interval: 0
          ieee802-dot1as-ptp:use-mgt-one-step-tx-oper: false
          ieee802-dot1as-ptp:mgt-one-step-tx-oper: 0
        timestamp-correction-port-ds:
          egress-latency: '0'
          ingress-latency: '0'
        external-port-config-port-ds:
          desired-state: master
    mchp-velocitysp-ptp:servos:
      servo: []
    mchp-velocitysp-ptp:automotive:
      profile: gm
      oper-log-pdelay-req-interval: 1
      oper-log-sync-interval: 0
    mchp-velocitysp-ptp:l2:
      mac-address: 02-06-3F-F5-0E-00
      mac-address-enable: true
      vlan: 1
      vlan-enable: false
(base) kim@kim-System-Product-Name:~/velocitydrivesp-support$ dr mup1cc -d /dev/ttyACM0 -m fetch -i fetch-ptp.yaml -q d=a
Opening serial port at /dev/ttyACM0
---
- "/ieee1588-ptp:ptp/instances/instance":
    instance-index: 0
    default-ds:
      clock-identity: 02-06-3F-FF-FE-F5-0E-00
      priority1: 246
      priority2: 248
      domain-number: 0
      instance-enable: true
      external-port-config-enable: true
      max-steps-removed: 255
      instance-type: relay
    parent-ds:
      parent-port-identity:
        clock-identity: 00-00-00-00-00-00-00-00
        port-number: 0
      grandmaster-identity: 02-06-3F-FF-FE-F5-0E-00
      grandmaster-clock-quality:
        clock-class: ieee1588-ptp:cc-default
        clock-accuracy: mchp-velocitysp-ptp:ca-time-accurate-unknown
      grandmaster-priority1: 246
      grandmaster-priority2: 248
      ieee802-dot1as-ptp:cumulative-rate-ratio: 0
    ports:
      port:
      - port-index: 12
        port-ds:
          port-state: master
          mean-link-delay: '0'
          log-sync-interval: -3
          log-min-pdelay-req-interval: 1
          port-enable: true
          ieee802-dot1as-ptp:as-capable: true
          ieee802-dot1as-ptp:mean-link-delay-thresh: '52428800'
          ieee802-dot1as-ptp:neighbor-rate-ratio: -2147483648
          ieee802-dot1as-ptp:sync-receipt-timeout: 3
          ieee802-dot1as-ptp:use-mgt-log-gptp-cap-interval: false
          ieee802-dot1as-ptp:mgt-log-gptp-cap-interval: 0
          ieee802-dot1as-ptp:use-mgt-one-step-tx-oper: false
          ieee802-dot1as-ptp:mgt-one-step-tx-oper: 0
        timestamp-correction-port-ds:
          egress-latency: '0'
          ingress-latency: '0'
        external-port-config-port-ds:
          desired-state: master
    mchp-velocitysp-ptp:servos:
      servo: []
    mchp-velocitysp-ptp:automotive:
      profile: gm
      oper-log-pdelay-req-interval: 1
      oper-log-sync-interval: 0
    mchp-velocitysp-ptp:l2:
      mac-address: 02-06-3F-F5-0E-00
      mac-address-enable: true
      vlan: 1
      vlan-enable: false
(base) kim@kim-System-Product-Name:~/velocitydrivesp-support$ 
