root@s32g274ardb2:~# COMMANDS="
> phyif-print
> phyif-update
> phyif-mac-print
> phyif-mac-add
> phyif-mac-del
> logif-print
> logif-update
> logif-add
> logif-del
> mirror-print
> mirror-update
> mirror-add
> mirror-del
> bd-print
> bd-update
> bd-add
> bd-del
> bd-insif
> bd-remif
> bd-flush
> bd-stent-print
> bd-stent-update
> bd-stent-add
> bd-stent-del
> fptable-print
> fptable-add
> fptable-del
> fptable-insrule
> fptable-remrule
> fprule-print
> fprule-add
> fprule-del
> route-print
> route-add
> route-del
> cntk-print
> cntk-update
> cntk-add
> cntk-del
> cntk-timeout
> route-and-cntk-reset
> spd-print
> spd-add
> spd-del
> fwfeat-print
> fwfeat-set
> fwfeat-el-print
> fwfeat-el-set
> qos-que-print
> qos-que-update
> qos-sch-print
> qos-sch-update
> qos-shp-print
> qos-shp-update
> qos-pol-print
> qos-pol-set
> qos-pol-wred-print
> qos-pol-wred-update
> qos-pol-shp-print
> qos-pol-shp-update
> qos-pol-flow-print
> qos-pol-flow-add
> qos-pol-flow-del
> fci-ownership
> daemon-print
> daemon-update
> daemon-start
> daemon-stop
> demo-feature-print
> demo-feature-run
> "
root@s32g274ardb2:~#
root@s32g274ardb2:~# for CMD in $COMMANDS; do
>   echo "=========================================================="
>   echo ">>> 도움말: libfci_cli $CMD --help"
>   echo "=========================================================="
>   libfci_cli $CMD --help
>   echo ""
> done
==========================================================
>>> 도움말: libfci_cli phyif-print --help
==========================================================
DISCLAIMER: This is a DEMO application. It is not part of the production code deliverables.
---- Command -------------------
[1] phyif-print   [-v|--v|--verbose]
[2] phyif-print   <-i|--i|--interface=<phyif_name>>  [-v|--v|--verbose]
---- Description ---------------
[1] Print parameters of all existing physical interfaces.
[2] Print parameters of a selected physical interface.
---- Options -------------------
-i|--i|--interface=<emac2>
  Name of the target physical interface.
  Only the following hardcoded PHYIF names are accepted:
    emac0
    emac1
    emac2
    util
    hifncpy  (valid only if supported by a driver)
    hif0
    hif1
    hif2
    hif3
-v|--v|--verbose
  Verbose variant of the operation (more info).

Command successfully executed.

==========================================================
>>> 도움말: libfci_cli phyif-update --help
==========================================================
DISCLAIMER: This is a DEMO application. It is not part of the production code deliverables.
---- Command -------------------
phyif-update   <-i|--i|--interface=<phyif_name>>  [[-E|--E|--enable]|[-D|--D|--disable]]  [-P|--P|--promisc=<ON|OFF>]  [--mode=<if_mode>]  [--bs|--block-state=<block_state>]  [--ff|--flexible-filter=<table_name>]  [--rxmirr0|--rx-mirror0=<rule_name>]  [--rxmirr1|--rx-mirror1=<rule_name>]  [--txmirr0|--tx-mirror0=<rule_name>]  [--txmirr1|--tx-mirror1=<rule_name>]  [--vlan-conf=<ON|OFF>]  [--ptp-conf=<ON|OFF>]  [--ptp-promisc=<ON|OFF>]  [--qinq|--q-in-q=<ON|OFF>]  [--X-ttl | --discard-if-ttl-below-2=<ON|OFF>]  [--ptp-mgmt-if=<phyif_name>]  [--ff-all-tcp|--fast-forward-all-tcp=<ON|OFF>]
---- Description ---------------
Update parameters of a physical interface.
---- Options -------------------
-i|--i|--interface=<emac2>
  Name of the target physical interface.
  Only the following hardcoded PHYIF names are accepted:
    emac0
    emac1
    emac2
    util
    hifncpy  (valid only if supported by a driver)
    hif0
    hif1
    hif2
    hif3
-E|--E|--enable
  Enables ("ups") the interface.
-D|--D|--disable
  Disables ("downs") the interface.
-P|--P|--promisc=<ON|OFF>
  Enables/disables promiscuous mode.
  (accepts all traffic regardless of destination MAC)
--mode=<VLAN_BRIDGE|ROUTER|...>
  Operating mode of the physical interface.
  Interface modes:
    DEFAULT
    VLAN_BRIDGE
    ROUTER
    FLEXIBLE_ROUTER
    L2L3_VLAN_BRIDGE
--bs|--block-state=<LEARN_ONLY|FW_ONLY|...>
  Blocking state of the physical interface (learning and forwarding).
  Block states:
    NORMAL
    BLOCKED
    LEARN_ONLY
    FW_ONLY
--ff|--flexible-filter=<MyFpTable>
  Name of a FlexibleParser table which shall be used as a filter (FlexibleFilter).
  Use empty string ("") to disable (clear).
--rxmirr0|--rx-mirror0=<MyMirrorRule>
  Mirroring rule for the rx slot [0].
  Use empty string ("") to disable (clear).
--rxmirr1|--rx-mirror1=<MyMirrorRule>
  Mirroring rule for the rx slot [1].
  Use empty string ("") to disable (clear).
--txmirr0|--tx-mirror0=<MyMirrorRule>
  Mirroring rule for the tx slot [0].
  Use empty string ("") to disable (clear).
--txmirr1|--tx-mirror1=<MyMirrorRule>
  Mirroring rule for the tx slot [1].
  Use empty string ("") to disable (clear).
--vlan-conf=<ON|OFF>
  Enables/disables a strict VLAN conformance check.
  When enabled, the interface automatically discards all traffic that
  is not strictly IEEE 802.1Q compliant.
--ptp-conf=<ON|OFF>
  Enables/disables a strict PTP conformance check.
  When enabled, the interface automatically discards all traffic that
  is not strictly IEEE 802.1AS compliant.
--ptp-promisc=<ON|OFF>
  Enables/disables acceptance of PTP traffic even if [--vlan-conf] flag is active.
--qinq|--q-in-q=<ON|OFF>
  Enables/disables processing of Q-in-Q traffic.
  If disabled, then traffic with multiple VLAN tags is automatically discarded.
--X-ttl | --discard-if-ttl-below-2=<ON|OFF>
  Applicable only for interface modes which decrement TTL value of a packet.
  If the packet has TTL<2, then:
    ON  : discard the packet
    OFF : send the packet to a host
--ptp-mgmt-if=<emac2>
  Name of the target physical interface for PTP trafic.
  If not used, then PTP traffic is processed the same way as any other traffic.
  Use empty string ("") to disable (clear).
--ff-all-tcp|--fast-forward-all-tcp=<ON|OFF>
  Enables/disables fast forwarding of ingress TCP SYN|FIN|RST packets.
  Applicable only for interface modes which utilize routing (e.g. ROUTER).
  When trying to fast-forward a TCP SYN|FIN|RST packet, then based on state of this flag:
    ON  : fast-forward the packet as usual (according to matching conntrack)
    OFF : send the packet to a host

Command successfully executed.

==========================================================
>>> 도움말: libfci_cli phyif-mac-print --help
==========================================================
DISCLAIMER: This is a DEMO application. It is not part of the production code deliverables.
---- Command -------------------
phyif-mac-print   <-i|--i|--interface=<phyif_name>>
---- Description ---------------
Print MAC addresses of a physical interface.

---- Options -------------------
-i|--i|--interface=<emac2>
  Name of the target physical interface.
  Only the following hardcoded PHYIF names are accepted:
    emac0
    emac1
    emac2

Command successfully executed.

==========================================================
>>> 도움말: libfci_cli phyif-mac-add --help
==========================================================
DISCLAIMER: This is a DEMO application. It is not part of the production code deliverables.
---- Command -------------------
phyif-mac-add   <-i|--i|--interface=<phyif_name>>  <--mac=<mac_addr>>
---- Description ---------------
Add MAC address to a physical interface.
---- Options -------------------
-i|--i|--interface=<emac2>
  Name of the target physical interface.
  Only the following hardcoded PHYIF names are accepted:
    emac0
    emac1
    emac2
--mac=<00:22:bc:45:de:67|35-47-ed-6c-28-b0>
  MAC address

Command successfully executed.

==========================================================
>>> 도움말: libfci_cli phyif-mac-del --help
==========================================================
DISCLAIMER: This is a DEMO application. It is not part of the production code deliverables.
---- Command -------------------
phyif-mac-del   <-i|--i|--interface=<phyif_name>>  <--mac=<mac_addr>>
---- Description ---------------
Delete MAC address from a physical interface.
---- Options -------------------
-i|--i|--interface=<emac2>
  Name of the target physical interface.
  Only the following hardcoded PHYIF names are accepted:
    emac0
    emac1
    emac2
--mac=<00:22:bc:45:de:67|35-47-ed-6c-28-b0>
  MAC address

Command successfully executed.

==========================================================
>>> 도움말: libfci_cli logif-print --help
==========================================================
DISCLAIMER: This is a DEMO application. It is not part of the production code deliverables.
---- Command -------------------
[1] logif-print   [-v|--v|--verbose]
[2] logif-print   <-i|--i|--interface=<logif_name>>  [-v|--v|--verbose]
---- Description ---------------
[1] Print parameters of all existing logical interfaces.
[2] Print parameters of a selected logical interface.
---- Options -------------------
-i|--i|--interface=<MyLogif>
  Name of the target logical interface.
-v|--v|--verbose
  Verbose variant of the operation (more info).

Command successfully executed.

==========================================================
>>> 도움말: libfci_cli logif-update --help
==========================================================
DISCLAIMER: This is a DEMO application. It is not part of the production code deliverables.
---- Command -------------------
logif-update   <-i|--i|--interface=<logif_name>>  [[-E|--E|--enable]|[-D|--D|--disable]]  [-P|--P|--promisc=<ON|OFF>]  [--egress=<list_of_phyifs>]  [--match-mode=<OR|AND>]  [-X|--X|--discard-on-match=<ON|OFF>]  [--mr|--match-rules=<list_of_rules>]  [<rule-specific options (only if applicable)>]
---- Description ---------------
Update parameters of a logical interface.
---- Options -------------------
-i|--i|--interface=<MyLogif>
  Name of the target logical interface.
-E|--E|--enable
  Enables ("ups") the interface.
-D|--D|--disable
  Disables ("downs") the interface.
-P|--P|--promisc=<ON|OFF>
  Enables/disables promiscuous mode.
  (accepts all traffic regardless of active match rules)
--egress=<emac0,hif2,...>
  Comma separated list of egresses (physical interfaces) which shall receive a copy of the accepted traffic.
  Use empty string ("") to disable (clear).
  Only the following hardcoded PHYIF names are accepted:
    emac0
    emac1
    emac2
    util
    hifncpy  (valid only if supported by a driver)
    hif0
    hif1
    hif2
    hif3
--match-mode=<OR|AND>
  Sets chaining mode of active match rules.
  Traffic passes matching process if:
    OR  : at least one active rule is satisfied
    AND : all active rules are satisfied
-X|--X|--discard-on-match=<ON|OFF>
  If enabled, then end action of matching process is inverted:
    --> if traffic passes the matching process, it is discarded
    --> if traffic fails the matching process, it is accepted
--vlan=<0-65535>
  VLAN ID
-p|--p|--proto|--protocol=<IPv6|0-255|0x00-0xFF>
  IANA Assigned Internet Protocol Number
  https://www.iana.org/assignments/protocol-numbers/protocol-numbers.xhtml
  Accepted input formats are protocol keyword or protocol ID.
  Protocols without keyword can be addressed only by protocol ID.
--sport|--src-port=<0-65535>
  Source port
--dport|--dst-port=<0-65535>
  Destination port
--s6|--sip6|--src6=<fd00::1>
  Source IP address (only IPv6 is accepted)
--d6|--dip6|--dst6=<fc62::5>
  Destination IP address (only IPv6 is accepted)
-s|--s|--sip|--src=<12.126.31.7>
  Source IP address (only IPv4 is accepted)
-d|--d|--dip|--dst=<132.16.20.3>
  Destination IP address (only IPv4 is accepted)
--et|--ether-type=<0-65535|0x00-0xFFFF>
  IANA "EtherType number" (IEEE 802)
  https://www.iana.org/assignments/ieee-802-numbers/ieee-802-numbers.xhtml
--tb0|--table0=<MyFpTable>
  Name of a FlexibleParser table for the parser slot [0].
--tb1|--table1=<MyFpTable>
  Name of a FlexibleParser table for the parser slot [1].
--smac|--src-mac=<00:22:bc:45:de:67|35-47-ed-6c-28-b0>
  Source MAC address
--dmac|--dst-mac=<00:22:bc:45:de:67|35-47-ed-6c-28-b0>
  Destination MAC address
--hifc|--hif-cookie=<0x00-0xFFFFFFFF>
  Can be used to recognize which HIF sent the traffic.
  PFE driver in the host OS must be specifically configured to allow use of this feature.
--mr|--match-rules=<TYPE_ETH,VLAN,...>
  Comma separated list of match rules.
  Use empty string ("") to disable (clear).
  Some rules require additional command line options.
  Match rules:
    TYPE_ETH
    TYPE_VLAN
    TYPE_PPPOE
    TYPE_ARP
    TYPE_MCAST
    TYPE_IP4
    TYPE_IP6
    TYPE_IPX
    TYPE_BCAST
    TYPE_UDP
    TYPE_TCP
    TYPE_ICMP
    TYPE_IGMP
    VLAN ; requires <--vlan>
    PROTOCOL ; requires <-p|--p|--proto|--protocol>
    SPORT ; requires <--sport|--src-port>
    DPORT ; requires <--dport|--dst-port>
    SIP6 ; requires <--s6|--sip6|--src6>
    DIP6 ; requires <--d6|--dip6|--dst6>
    SIP ; requires <-s|--s|--sip|--src>
    DIP ; requires <-d|--d|--dip|--dst>
    ETHER_TYPE ; requires <--et|--ether-type>
    FP_TABLE0 ; requires <--tb0|--table0>
    FP_TABLE1 ; requires <--tb1|--table1>
    SMAC ; requires <--smac|--src-mac>
    DMAC ; requires <--dmac|--dst-mac>
    HIF_COOKIE ; requires <--hifc|--hif-cookie>

Command successfully executed.

==========================================================
>>> 도움말: libfci_cli logif-add --help
==========================================================
DISCLAIMER: This is a DEMO application. It is not part of the production code deliverables.
---- Command -------------------
logif-add   <-i|--i|--interface=<logif_name>>  <--parent=<phyif_name>>
---- Description ---------------
Create a new logical interface.
---- Options -------------------
-i|--i|--interface=<MyLogif>
  Name of the target logical interface.
--parent=<emac2>
  Name of the parent physical interface.
  Only the following hardcoded PHYIF names are accepted:
    emac0
    emac1
    emac2
    util
    hifncpy  (valid only if supported by a driver)
    hif0
    hif1
    hif2
    hif3

Command successfully executed.

==========================================================
>>> 도움말: libfci_cli logif-del --help
==========================================================
DISCLAIMER: This is a DEMO application. It is not part of the production code deliverables.
---- Command -------------------
logif-del   <-i|--i|--interface=<logif_name>>
---- Description ---------------
Destroy (delete) the target logical interface.
---- Options -------------------
-i|--i|--interface=<MyLogif>
  Name of the target logical interface.

Command successfully executed.

==========================================================
>>> 도움말: libfci_cli mirror-print --help
==========================================================
DISCLAIMER: This is a DEMO application. It is not part of the production code deliverables.
---- Command -------------------
mirror-print   [--mirr|--mirror=<phyif_name>]
---- Description ---------------
[1] Print parameters of all existing mirroring rules.
[2] Print parameters of a selected mirroring rule.
---- Options -------------------
--mirr|--mirror=<MyMirrorRule>
  Name of the mirroring rule.

Command successfully executed.

==========================================================
>>> 도움말: libfci_cli mirror-update --help
==========================================================
DISCLAIMER: This is a DEMO application. It is not part of the production code deliverables.
---- Command -------------------
mirror-update   <--mirr|--mirror=<phyif_name>>  [-i|--i|--interface=<phyif_name>]  [--ff|--flexible-filter=<table_name>]  [--modify-actions=<list_of_actions>]  [<rule-specific options (only if applicable)>]
---- Description ---------------
Update parameters of a mirroring rule.
---- Options -------------------
--mirr|--mirror=<MyMirrorRule>
  Name of the mirroring rule.
-i|--i|--interface=<emac2>
  Name of the target physical interface.
  Only the following hardcoded PHYIF names are accepted:
    emac0
    emac1
    emac2
    util
    hifncpy  (valid only if supported by a driver)
    hif0
    hif1
    hif2
    hif3
--ff|--flexible-filter=<MyFpTable>
  Name of a FlexibleParser table which shall be used as a filter (FlexibleFilter).
  Use empty string ("") to disable (clear).
--modify-actions=<ADD_VLAN_HDR>
  Comma separated list of modify actions. Mirrored traffic is modified according to chosen actions.
  Use empty string ("") to disable (clear).
  Some actions require additional command line options.
  Modify actions:
    ADD_VLAN_HDR ; requires <--vlan>

Command successfully executed.

==========================================================
>>> 도움말: libfci_cli mirror-add --help
==========================================================
DISCLAIMER: This is a DEMO application. It is not part of the production code deliverables.
---- Command -------------------
mirror-add   <--mirr|--mirror=<phyif_name>>  <-i|--i|--interface=<phyif_name>>  [--ff|--flexible-filter=<table_name>]  [--modify-actions=<list_of_actions>]  [<rule-specific options (only if applicable)>]
---- Description ---------------
Create (and configure) a new mirroring rule.
---- Options -------------------
--mirr|--mirror=<MyMirrorRule>
  Name of the mirroring rule.
-i|--i|--interface=<emac2>
  Name of the target physical interface.
  Only the following hardcoded PHYIF names are accepted:
    emac0
    emac1
    emac2
    util
    hifncpy  (valid only if supported by a driver)
    hif0
    hif1
    hif2
    hif3
--ff|--flexible-filter=<MyFpTable>
  Name of a FlexibleParser table which shall be used as a filter (FlexibleFilter).
  Use empty string ("") to disable (clear).
--modify-actions=<ADD_VLAN_HDR>
  Comma separated list of modify actions. Mirrored traffic is modified according to chosen actions.
  Use empty string ("") to disable (clear).
  Some actions require additional command line options.
  Modify actions:
    ADD_VLAN_HDR ; requires <--vlan>

Command successfully executed.

==========================================================
>>> 도움말: libfci_cli mirror-del --help
==========================================================
DISCLAIMER: This is a DEMO application. It is not part of the production code deliverables.
---- Command -------------------
mirror-del   <--mirr|--mirror=<phyif_name>>
---- Description ---------------
Destroy (delete) the target mirroring rule.
---- Options -------------------
--mirr|--mirror=<MyMirrorRule>
  Name of the mirroring rule.

Command successfully executed.

==========================================================
>>> 도움말: libfci_cli bd-print --help
==========================================================
DISCLAIMER: This is a DEMO application. It is not part of the production code deliverables.
---- Command -------------------
[1] bd-print   [-v|--v|--verbose]
[2] bd-print   <--vlan=<id>>  [-v|--v|--verbose]
---- Description ---------------
[1] Print parameters of all existing bridge domains.
[2] Print parameters of a selected bridge domain.
---- Options -------------------
--vlan=<0-65535>
  VLAN ID (used as a bridge domain identifier)
-v|--v|--verbose
  Verbose variant of the operation (more info).

Command successfully executed.

==========================================================
>>> 도움말: libfci_cli bd-update --help
==========================================================
DISCLAIMER: This is a DEMO application. It is not part of the production code deliverables.
---- Command -------------------
bd-update   <--vlan=<id>>  [--uh|--ucast-hit=<action>]  [--um|--ucast-miss=<action>]  [--mh|--mcast-hit=<action>]  [--mm|--mcast-miss=<action>]
---- Description ---------------
Update parameters of a bridge domain.
---- Options -------------------
--vlan=<0-65535>
  VLAN ID (used as a bridge domain identifier)
--uh|--ucast-hit=<PUNT|0-3>
  Action to be taken when unicast packet's destination MAC matches some MAC table entry.
  Actions:
    FORWARD
    FLOOD
    PUNT
    DISCARD
--um|--ucast-miss=<PUNT|0-3>
  Action to be taken when unicast packet's destination MAC does not match any MAC table entry.
  Possible actions:
    Same as actions of  [--uh|--ucast-hit]
--mh|--mcast-hit=<PUNT|0-3>
  Action to be taken when multicast packet's destination MAC matches some MAC table entry.
  Possible actions:
    Same as actions of  [--uh|--ucast-hit]
--mm|--mcast-miss=<PUNT|0-3>
  Action to be taken when multicast packet's destination MAC does not match any MAC table entry.
  Possible actions:
    Same as actions of  [--uh|--ucast-hit]

Command successfully executed.

==========================================================
>>> 도움말: libfci_cli bd-add --help
==========================================================
DISCLAIMER: This is a DEMO application. It is not part of the production code deliverables.
---- Command -------------------
bd-add   <--vlan=<id>>
---- Description ---------------
Create a new bridge domain.
---- Options -------------------
--vlan=<0-65535>
  VLAN ID (used as a bridge domain identifier)

Command successfully executed.

==========================================================
>>> 도움말: libfci_cli bd-del --help
==========================================================
DISCLAIMER: This is a DEMO application. It is not part of the production code deliverables.
---- Command -------------------
bd-del   <--vlan=<id>>
---- Description ---------------
Destroy (delete) the target bridge domain.
---- Options -------------------
--vlan=<0-65535>
  VLAN ID (used as a bridge domain identifier)

Command successfully executed.

==========================================================
>>> 도움말: libfci_cli bd-insif --help
==========================================================
DISCLAIMER: This is a DEMO application. It is not part of the production code deliverables.
---- Command -------------------
bd-insif   <--vlan=<id>>  <-i|--i|--interface=<phyif_name>>  [--tag=<ON|OFF>]
---- Description ---------------
Insert physical interface into a bridge domain.
---- Options -------------------
--vlan=<0-65535>
  VLAN ID (used as a bridge domain identifier)
-i|--i|--interface=<emac2>
  Name of the target physical interface.
  Only the following hardcoded PHYIF names are accepted:
    emac0
    emac1
    emac2
    util
    hifncpy  (valid only if supported by a driver)
    hif0
    hif1
    hif2
    hif3
--tag=<ON|OFF>
  Sets/unsets whether the traffic from the given interface has the VLAN tag retained/added (ON)
  or has the VLAN tag removed (OFF).

Command successfully executed.

==========================================================
>>> 도움말: libfci_cli bd-remif --help
==========================================================
DISCLAIMER: This is a DEMO application. It is not part of the production code deliverables.
---- Command -------------------
bd-remif   <--vlan=<id>>  <-i|--i|--interface=<phyif_name>>
---- Description ---------------
Remove physical interface from a bridge domain.
---- Options -------------------
--vlan=<0-65535>
  VLAN ID (used as a bridge domain identifier)
-i|--i|--interface=<emac2>
  Name of the target physical interface.
  Only the following hardcoded PHYIF names are accepted:
    emac0
    emac1
    emac2
    util
    hifncpy  (valid only if supported by a driver)
    hif0
    hif1
    hif2
    hif3

Command successfully executed.

==========================================================
>>> 도움말: libfci_cli bd-flush --help
==========================================================
DISCLAIMER: This is a DEMO application. It is not part of the production code deliverables.
---- Command -------------------
[1] bd-flush   <-a|--a|--all>
[2] bd-flush   <--stent|--static>
[3] bd-flush   <--dent|--dynamic>
---- Description ---------------
[1] Flush all MAC table entries of all bridge domains.
[2] Flush static MAC table entries of all bridge domains.
[3] Flush dynamic (learned) MAC table entries of all bridge domains.
---- Options -------------------
-a|--a|--all
  Bulk variant of the operation.
--stent|--static
  Apply only on static entries.
--dent|--dynamic
  Apply only on dynamic (learned) entries.

Command successfully executed.

==========================================================
>>> 도움말: libfci_cli bd-stent-print --help
==========================================================
DISCLAIMER: This is a DEMO application. It is not part of the production code deliverables.
---- Command -------------------
[1] bd-stent-print
[2] bd-stent-print   <--vlan=<id>>
---- Description ---------------
[1] Print all existing static entries (regardless of bridge domain affiliation).
[2] Print static entries associated with a particular bridge domain.
---- Options -------------------
--vlan=<0-65535>
  VLAN ID (used as a bridge domain identifier)

Command successfully executed.

==========================================================
>>> 도움말: libfci_cli bd-stent-update --help
==========================================================
DISCLAIMER: This is a DEMO application. It is not part of the production code deliverables.
---- Command -------------------
bd-stent-update   <--vlan=<id>>  <--mac=<mac_addr>>  [--egress=<list_of_phyifs>]  [--local=<ON|OFF>]  [--X-src|--discard-on-match-src=<ON|OFF>]  [--X-dst|--discard-on-match-dst=<ON|OFF>]
---- Description ---------------
Update parameters of a static entry.
---- Options -------------------
--vlan=<0-65535>
  VLAN ID (used as a bridge domain identifier)
--mac=<00:22:bc:45:de:67|35-47-ed-6c-28-b0>
  MAC address
--egress=<emac0,hif2,...>
  Comma separated list of egresses (physical interfaces) which shall receive a copy of the accepted traffic.
  Use empty string ("") to disable (clear).
  Only the following hardcoded PHYIF names are accepted:
    emac0
    emac1
    emac2
    util
    hifncpy  (valid only if supported by a driver)
    hif0
    hif1
    hif2
    hif3
--local=<ON|OFF>
  Makes the static entry a LOCAL entry.
  If this flag is set, then:
    --> forwarding list is ignored
    --> if traffic's destination MAC matches the MAC of this static entry, then
        the traffic is passed to the IP router.
        (requires L2L3 mode on the ingress physical interface)
--X-src|--discard-on-match-src=<ON|OFF>
  Discard traffic if its source MAC matches the MAC of this static entry.
--X-dst|--discard-on-match-dst=<ON|OFF>
  Discard traffic if its destination MAC matches the MAC of this static entry.

Command successfully executed.

==========================================================
>>> 도움말: libfci_cli bd-stent-add --help
==========================================================
DISCLAIMER: This is a DEMO application. It is not part of the production code deliverables.
---- Command -------------------
bd-stent-add   <--vlan=<id>>  <--mac=<mac_addr>>
---- Description ---------------
Create a new static entry.
---- Options -------------------
--vlan=<0-65535>
  VLAN ID (used as a bridge domain identifier)
--mac=<00:22:bc:45:de:67|35-47-ed-6c-28-b0>
  MAC address

Command successfully executed.

==========================================================
>>> 도움말: libfci_cli bd-stent-del --help
==========================================================
DISCLAIMER: This is a DEMO application. It is not part of the production code deliverables.
---- Command -------------------
bd-stent-del   <--vlan=<id>>  <--mac=<mac_addr>>
---- Description ---------------
Destroy (delete) the target static entry.
---- Options -------------------
--vlan=<0-65535>
  VLAN ID (used as a bridge domain identifier)
--mac=<00:22:bc:45:de:67|35-47-ed-6c-28-b0>
  MAC address

Command successfully executed.

==========================================================
>>> 도움말: libfci_cli fptable-print --help
==========================================================
DISCLAIMER: This is a DEMO application. It is not part of the production code deliverables.
---- Command -------------------
fptable-print   <--tb|--table=<table_name>>  [--pos|--position=<value>]  [--count=<value>]
---- Description ---------------
Print content of a FlexibleParser table.
---- Options -------------------
--tb|--table=<MyFpTable>
  Name of a FlexibleParser table.
--pos|--position=<0-65535>
  Index of the first item to print.
  Default value is 0 (start from the very first item of the table).
--count=<0-65535>
  Count of items to print.
  Default value is 0 (print all available items).

Command successfully executed.

==========================================================
>>> 도움말: libfci_cli fptable-add --help
==========================================================
DISCLAIMER: This is a DEMO application. It is not part of the production code deliverables.
---- Command -------------------
fptable-add   <--tb|--table=<table_name>>
---- Description ---------------
Create a new FlexibleParser table.
---- Options -------------------
--tb|--table=<MyFpTable>
  Name of a FlexibleParser table.

Command successfully executed.

==========================================================
>>> 도움말: libfci_cli fptable-del --help
==========================================================
DISCLAIMER: This is a DEMO application. It is not part of the production code deliverables.
---- Command -------------------
fptable-del   <--tb|--table=<table_name>>
---- Description ---------------
Destroy (delete) the target FlexibleParser table.
---- Options -------------------
--tb|--table=<MyFpTable>
  Name of a FlexibleParser table.

Command successfully executed.

==========================================================
>>> 도움말: libfci_cli fptable-insrule --help
==========================================================
DISCLAIMER: This is a DEMO application. It is not part of the production code deliverables.
---- Command -------------------
fptable-insrule   <--tb|--table=<table_name>>  <--rl|--rule=<rule_name>>  [--pos|--position=<value>]
---- Description ---------------
Insert FlexibleParser rule into a FlexibleParser table.
---- Options -------------------
--tb|--table=<MyFpTable>
  Name of a FlexibleParser table.
--rl|--rule=<MyFpRule>
  Name of a FlexibleParser rule.
--pos|--position=<0-65535>
  Index where to insert the item.
  (hint: indexing starts from the position 0)
  If this option is not utilized, then the item is automatically
  inserted as the last item of the table.

Command successfully executed.

==========================================================
>>> 도움말: libfci_cli fptable-remrule --help
==========================================================
DISCLAIMER: This is a DEMO application. It is not part of the production code deliverables.
---- Command -------------------
fptable-remrule   <--tb|--table=<table_name>>  <--rl|--rule=<rule_name>>
---- Description ---------------
Remove FlexibleParser rule from a FlexibleParser table.
---- Options -------------------
--tb|--table=<MyFpTable>
  Name of a FlexibleParser table.
--rl|--rule=<MyFpRule>
  Name of a FlexibleParser rule.

Command successfully executed.

==========================================================
>>> 도움말: libfci_cli fprule-print --help
==========================================================
DISCLAIMER: This is a DEMO application. It is not part of the production code deliverables.
---- Command -------------------
[1] fprule-print   [--pos|--position=<value>]  [--count=<value>]
[2] fprule-print   <--rl|--rule=<rule_name>>
---- Description ---------------
[1] Print all existing FlexibleParser rules (regardless of table affiliation).
[2] Print a selected FlexibleParser rule.
---- Options -------------------
--rl|--rule=<MyFpRule>
  Name of a FlexibleParser rule.
--pos|--position=<0-65535>
  Index of the first item to print.
  Default value is 0 (start from the very first item of the table).
--count=<0-65535>
  Count of items to print.
  Default value is 0 (print all available items).

Command successfully executed.

==========================================================
>>> 도움말: libfci_cli fprule-add --help
==========================================================
DISCLAIMER: This is a DEMO application. It is not part of the production code deliverables.
---- Command -------------------
fprule-add   <--rl|--rule=<rule_name>>  <--data=<hex_value>>  <--mask=<hex_value>>  <--ofs|--offset=<value>>  <--layer=<L2|L3|L4>>  [-I|--I|--invert]  <<-A|--A|--accept>|<-R|--R|--reject>|<-N|--N|--next-rule=<rule_name>>>
---- Description ---------------
Create a new FlexibleParser rule.
---- Options -------------------
--rl|--rule=<MyFpRule>
  Name of a FlexibleParser rule.
--data=<0x00-0xFFFFFFFF>
  Expected data value (32bit hexadecimal).
--mask=<0x00-0xFFFFFFFF>
  A bitmask to apply on processed data prior to data comparison (32bit hexadecimal).
--ofs|--offset=<0-65535|0x00-0xFFFF>
  Offset to the inspected data within the packet (added to the layer base offset).
--layer=<L2|L3|L4>
  Base offset for further offset calculations.
  Possible base offsets:
    L2 : start from layer 2 header (from ETH frame header)
    L3 : start from layer 3 header (e.g. from IP packet header)
    L4 : start from layer 4 header (e.g. from TCP segment header)
-I|--I|--invert
  Invert the result of a rule's matching process.
  If a raw data comparison yields 'true' but this flag is set, then   the final result of a matching process will be 'false' (and vice versa).
-A|--A|--accept
  Rule action: accept the packet
-R|--R|--reject
  Rule action: reject the packet
-N|--N|--next-rule=<MyFpRule>
  Rule action: invoke the supplied FlexibleParser rule as the next processing rule.

Command successfully executed.

==========================================================
>>> 도움말: libfci_cli fprule-del --help
==========================================================
DISCLAIMER: This is a DEMO application. It is not part of the production code deliverables.
---- Command -------------------
fprule-del   <--rl|--rule=<rule_name>>
---- Description ---------------
Destroy (delete) the target FlexibleParser rule.
---- Options -------------------
--rl|--rule=<MyFpRule>
  Name of a FlexibleParser rule.

Command successfully executed.

==========================================================
>>> 도움말: libfci_cli route-print --help
==========================================================
DISCLAIMER: This is a DEMO application. It is not part of the production code deliverables.
---- Command -------------------
[1] route-print
[2] route-print   <-4|--4|--ip4>
[3] route-print   <-6|--6|--ip6>
[4] route-print   <--rt|--route=<id>>
---- Description ---------------
[1] Print parameters of all routes.
[2] Print parameters of all IPv4 routes.
[3] Print parameters of all IPv6 routes.
[4] Print parameters of a selected route.
---- Options -------------------
-4|--4|--ip4
  IPv4 variant of the operation.
-6|--6|--ip6
  IPv6 variant of the operation.
--rt|--route=<0-4294967295>
  Route ID

Command successfully executed.

==========================================================
>>> 도움말: libfci_cli route-add --help
==========================================================
DISCLAIMER: This is a DEMO application. It is not part of the production code deliverables.
---- Command -------------------
route-add   <--rt|--route=<id>>  <<-4|--4|--ip4>|<-6|--6|--ip6>  <--dmac|--dst-mac=<mac_addr>>  <-i|--i|--interface=<phyif_name>>  [--smac|--src-mac=<mac_addr>]
---- Description ---------------
Create a new route.
---- Options -------------------
--rt|--route=<0-4294967295>
  Route ID
-4|--4|--ip4
  IPv4 variant of the operation.
-6|--6|--ip6
  IPv6 variant of the operation.
--dmac|--dst-mac=<00:22:bc:45:de:67|35-47-ed-6c-28-b0>
  Destination MAC address
-i|--i|--interface=<emac2>
  Name of the target physical interface.
  Only the following hardcoded PHYIF names are accepted:
    emac0
    emac1
    emac2
    util
    hifncpy  (valid only if supported by a driver)
    hif0
    hif1
    hif2
    hif3
--smac|--src-mac=<00:22:bc:45:de:67|35-47-ed-6c-28-b0>
  Source MAC address

Command successfully executed.

==========================================================
>>> 도움말: libfci_cli route-del --help
==========================================================
DISCLAIMER: This is a DEMO application. It is not part of the production code deliverables.
---- Command -------------------
route-del   <--rt|--route=<id>>
---- Description ---------------
Destroy the target route.
---- Options -------------------
--rt|--route=<0-4294967295>
  Route ID

Command successfully executed.

==========================================================
>>> 도움말: libfci_cli cntk-print --help
==========================================================
DISCLAIMER: This is a DEMO application. It is not part of the production code deliverables.
---- Command -------------------
[1] cntk_print
[2] cntk-print   <-4|--4|--ip4>
[3] cntk-print   <-6|--6|--ip6>
---- Description ---------------
[1] Print parameters of all conntracks.
[2] Print parameters of all IPv4 conntracks.
[3] Print parameters of all IPv6 conntracks.
---- Options -------------------
-4|--4|--ip4
  IPv4 variant of the operation.
-6|--6|--ip6
  IPv6 variant of the operation.

Command successfully executed.

==========================================================
>>> 도움말: libfci_cli cntk-update --help
==========================================================
DISCLAIMER: This is a DEMO application. It is not part of the production code deliverables.
---- Command -------------------
cntk-update   <-p|--p|--proto|--protocol=<keyword|id>>  <-s|--s|--sip|--src=<ipv4|ipv6>>  <-d|--d|--dip|--dst=<ipv4|ipv6>>  <--sport|--src-port=<port>>  <--dport|--dst-port=<port>>  [--ttl-decr | --decr-ttl=<ON|OFF>]
---- Description ---------------
Update parameters of a conntrack. Only TTL decrement flag can be updated.
(the other parameters are used to identify the target conntrack)
---- Options -------------------
-p|--p|--proto|--protocol=<IPv6|0-255|0x00-0xFF>
  IANA Assigned Internet Protocol Number
  https://www.iana.org/assignments/protocol-numbers/protocol-numbers.xhtml
  Accepted input formats are protocol keyword or protocol ID.
  Protocols without keyword can be addressed only by protocol ID.
-s|--s|--sip|--src=<12.126.31.7|fd00::1>
  Source IP address
-d|--d|--dip|--dst=<132.16.20.3|fc62::5>
  Destination IP address
--sport|--src-port=<0-65535>
  Source port
--dport|--dst-port=<0-65535>
  Destination port
--ttl-decr | --decr-ttl=<ON|OFF>
  Enable/disable TTL decrement.

Command successfully executed.

==========================================================
>>> 도움말: libfci_cli cntk-add --help
==========================================================
DISCLAIMER: This is a DEMO application. It is not part of the production code deliverables.
---- Command -------------------
[1] cntk-add   <-p|--p|--proto|--protocol=<keyword|id>>  <-s|--s|--sip|--src=<ipv4|ipv6>>  <-d|--d|--dip|--dst=<ipv4|ipv6>>  <--sport|--src-port=<port>>  <--dport|--dst-port=<port>>  <--rt|--route=<id>>  [--vlan=<id>]  [--ttl-decr | --decr-ttl=<ON|OFF>]  [[--no-reply]|[--no-orig]
[2] cntk-add   <-p|--p|--proto|--protocol=<keyword|id>>  <-s|--s|--sip|--src=<ipv4|ipv6>>  [-r|--r|--r-sip|--r-src=<ipv4|ipv6>]  <-d|--d|--dip|--dst=<ipv4|ipv6>>  [-q|--q|--r-dip|--r-dst=<ipv4|ipv6>]  <--sport|--src-port=<port>>  [--r-sport|--r-src-port=<port>]  <--dport|--dst-port=<port>>  [--r-dport|--r-dst-port=<port>]  <--rt|--route=<id>>  [--r-rt|--r-route=<id>]  [--vlan=<id>]  [--r-vlan=<id>]  [--ttl-decr | --decr-ttl=<ON|OFF>]  [[--no-reply]|[--no-orig]
---- Description ---------------
[1] Create a new simple conntrack.
    Supplied IP addresses must be either all IPv4, or all IPv6.
[2] Create a new conntrack with NAT and/or PAT.
    Supplied IP addresses must be either all IPv4, or all IPv6.
---- Options -------------------
-p|--p|--proto|--protocol=<IPv6|0-255|0x00-0xFF>
  IANA Assigned Internet Protocol Number
  https://www.iana.org/assignments/protocol-numbers/protocol-numbers.xhtml
  Accepted input formats are protocol keyword or protocol ID.
  Protocols without keyword can be addressed only by protocol ID.
-s|--s|--sip|--src=<12.126.31.7|fd00::1>
  Source IP address
-r|--r|--r-sip|--r-src=<13.125.30.2|fe51::7>
  Reply direction: source IP address (used for NAT)
-d|--d|--dip|--dst=<132.16.20.3|fc62::5>
  Destination IP address
-q|--q|--r-dip|--r-dst=<112.37.52.9|fd14::2>
  Reply direction: destination IP address (used for NAT)
--sport|--src-port=<0-65535>
  Source port
--r-sport|--r-src-port=<0-65535>
  Reply direction: source port (used for PAT)
--dport|--dst-port=<0-65535>
  Destination port
--r-dport|--r-dst-port=<0-65535>
  Reply direction: destination port (used for PAT)
--rt|--route=<0-4294967295>
  Route ID
--r-rt|--r-route=<0-4294967295>
  Reply direction: route ID
--vlan=<0-65535>
  VLAN ID
--r-vlan=<0-65535>
  Reply direction: VLAN ID
--ttl-decr | --decr-ttl=<ON|OFF>
  Enable/disable TTL decrement.
--no-reply
  Specifies unidirectional conntrack - only the "original direction" route is created.
--no-orig
  Specifies unidirectional conntrack - only the "reply direction" route is created.

Command successfully executed.

==========================================================
>>> 도움말: libfci_cli cntk-del --help
==========================================================
DISCLAIMER: This is a DEMO application. It is not part of the production code deliverables.
---- Command -------------------
cntk-del   <-p|--p|--proto|--protocol=<keyword|id>>  <-s|--s|--sip|--src=<ipv4|ipv6>>  <-d|--d|--dip|--dst=<ipv4|ipv6>>  <--sport|--src-port=<port>>  <--dport|--dst-port=<port>>
---- Description ---------------
Destroy the target conntrack.
---- Options -------------------
-p|--p|--proto|--protocol=<IPv6|0-255|0x00-0xFF>
  IANA Assigned Internet Protocol Number
  https://www.iana.org/assignments/protocol-numbers/protocol-numbers.xhtml
  Accepted input formats are protocol keyword or protocol ID.
  Protocols without keyword can be addressed only by protocol ID.
-s|--s|--sip|--src=<12.126.31.7|fd00::1>
  Source IP address
-d|--d|--dip|--dst=<132.16.20.3|fc62::5>
  Destination IP address
--sport|--src-port=<0-65535>
  Source port
--dport|--dst-port=<0-65535>
  Destination port

Command successfully executed.

==========================================================
>>> 도움말: libfci_cli cntk-timeout --help
==========================================================
DISCLAIMER: This is a DEMO application. It is not part of the production code deliverables.
---- Command -------------------
cntk-timeout   <-p|--p|--proto|--protocol=<TCP|UDP|0>>  <-w|--w|--timeout=<seconds>>
---- Description ---------------
Set timeout of conntracks.
---- Options -------------------
-p|--p|--proto|--protocol=<TCP|UDP|0>
  IANA Assigned Internet Protocol Number
  Only selected protocols are accepted by this command.
  The rest of protocols is summarily referred to as 'others' (value 0).
-w|--w|--timeout=<0-4294967295>
  Timeout in seconds.

Command successfully executed.

==========================================================
>>> 도움말: libfci_cli route-and-cntk-reset --help
==========================================================
DISCLAIMER: This is a DEMO application. It is not part of the production code deliverables.
---- Command -------------------
[1] route-and-cntk-reset   <-a|--a|--all>
[2] route-and-cntk-reset   <-4|--4|--ip4>
[3] route-and-cntk-reset   <-6|--6|--ip6>
---- Description ---------------
[1] Reset (clear) all routes & conntracks.
[2] Reset (clear) only IPv4 routes & conntracks.
[3] Reset (clear) only IPv6 routes & conntracks.
---- Options -------------------
-a|--a|--all
  Bulk variant of the operation.
-4|--4|--ip4
  IPv4 variant of the operation.
-6|--6|--ip6
  IPv6 variant of the operation.

Command successfully executed.

==========================================================
>>> 도움말: libfci_cli spd-print --help
==========================================================
DISCLAIMER: This is a DEMO application. It is not part of the production code deliverables.
---- Command -------------------
spd-print   <-i|--i|--interface=<phyif_name>>  [--pos|--position=<value>]  [--count=<value>]
---- Description ---------------
Print all SecurityPolicies of the given physical interface.
---- Options -------------------
-i|--i|--interface=<emac2>
  Name of the target physical interface.
  Only the following hardcoded PHYIF names are accepted:
    emac0
    emac1
    emac2
    util
    hifncpy  (valid only if supported by a driver)
    hif0
    hif1
    hif2
    hif3
--pos|--position=<0-65535>
  Index of the first item to print.
  Default value is 0 (start from the very first item of the table).
--count=<0-65535>
  Count of items to print.
  Default value is 0 (print all available items).

Command successfully executed.

==========================================================
>>> 도움말: libfci_cli spd-add --help
==========================================================
DISCLAIMER: This is a DEMO application. It is not part of the production code deliverables.
---- Command -------------------
spd-add   <-i|--i|--interface=<phyif_name>>  <-p|--p|--proto|--protocol=<keyword|id>>  <-s|--s|--sip|--src=<ipv4|ipv6>>  <-d|--d|--dip|--dst=<ipv4|ipv6>>  [--sport|--src-port=<port>]  [--dport|--dst-port=<port>]  [--pos|--position=<value>]  <--spdact|--spd-action=<action>>  [<action-specific options (only if applicable)>]
---- Description ---------------
Create a new SecurityPolicy and insert it into SPD of the given physical interface.
---- Options -------------------
-i|--i|--interface=<emac2>
  Name of the target physical interface.
  Only the following hardcoded PHYIF names are accepted:
    emac0
    emac1
    emac2
    util
    hifncpy  (valid only if supported by a driver)
    hif0
    hif1
    hif2
    hif3
-p|--p|--proto|--protocol=<IPv6|0-255|0x00-0xFF>
  IANA Assigned Internet Protocol Number
  https://www.iana.org/assignments/protocol-numbers/protocol-numbers.xhtml
  Accepted input formats are protocol keyword or protocol ID.
  Protocols without keyword can be addressed only by protocol ID.
-s|--s|--sip|--src=<12.126.31.7|fd00::1>
  Source IP address
-d|--d|--dip|--dst=<132.16.20.3|fc62::5>
  Destination IP address
--sport|--src-port=<0-65535>
  Source port
--dport|--dst-port=<0-65535>
  Destination port
--pos|--position=<0-65535>
  Index where to insert the item.
  (hint: indexing starts from the position 0)
  If this option is not utilized, then the item is automatically
  inserted as the last item of the table.
--sad=<0-4294967295>
  Index into SAD (Security Association Database).
--spi=<0x00-0xFFFFFFFF>
  Security Parameter Index
--spdact|--spd-action=<BYPASS|1-4>
  Action to be done on traffic which matches SPD criteria.
  Actions:
    DISCARD
    BYPASS
    ENCODE ; requires <--sad>
    DECODE ; requires <--spi>

Command successfully executed.

==========================================================
>>> 도움말: libfci_cli spd-del --help
==========================================================
DISCLAIMER: This is a DEMO application. It is not part of the production code deliverables.
---- Command -------------------
spd-del   <-i|--i|--interface=<phyif_name>>  <--pos|--position=<value>>
---- Description ---------------
Destroy the target SecurityPolicy and remove it from SPD of the given physical interface.
---- Options -------------------
-i|--i|--interface=<emac2>
  Name of the target physical interface.
  Only the following hardcoded PHYIF names are accepted:
    emac0
    emac1
    emac2
    util
    hifncpy  (valid only if supported by a driver)
    hif0
    hif1
    hif2
    hif3
--pos|--position=<0-65535>
  Index of the target item to destroy.
  (hint: indexing starts from position 0)

Command successfully executed.

==========================================================
>>> 도움말: libfci_cli fwfeat-print --help
==========================================================
DISCLAIMER: This is a DEMO application. It is not part of the production code deliverables.
---- Command -------------------
[1] fwfeat-print
[2] fwfeat-print   <--feat|--feature=<feature_name>>
---- Description ---------------
[1] Print all existing FW features.
[2] Print a selected FW feature.
---- Options -------------------
--feat|--feature=<ingress_vlan>
  Name of a FW feature.

Command successfully executed.

==========================================================
>>> 도움말: libfci_cli fwfeat-set --help
==========================================================
DISCLAIMER: This is a DEMO application. It is not part of the production code deliverables.
---- Command -------------------
fwfeat-set   <--feat|--feature=<feature_name>>  <<-E|--E|--enable>|<-D|--D|--disable>>
---- Description ---------------
Enable or disable a FW feature.
---- Options -------------------
--feat|--feature=<ingress_vlan>
  Name of a FW feature.
-E|--E|--enable
  Enables the given feature.
-D|--D|--disable
  Disables the given feature.

Command successfully executed.

==========================================================
>>> 도움말: libfci_cli fwfeat-el-print --help
==========================================================
DISCLAIMER: This is a DEMO application. It is not part of the production code deliverables.
---- Command -------------------
[1] fwfeat-el-print   <--feat|--feature=<feature_name>>  [--elgrp|--el-group=<group_name|group_ID>]
[2] fwfeat-el-print   <--feat|--feature=<feature_name>>  <--el|--element=<element_name>>  [--elgrp|--el-group=<group_name|group_ID>]
---- Description ---------------
[1] Print all elements of a FW feature.
[2] Print the selected element of a FW feature.
---- Options -------------------
--feat|--feature=<ingress_vlan>
  Name of a FW feature.
--el|--element=<br_accept>
  Name of the requested element.
--elgrp|--el-group=<CONFIG|2>
  Specify FW feature element group.
  Command will search for the target FW feature element only within the specified element group.
  Groups:
    DEFAULT : search in all available groups
    CONFIG  : search only in configuration elements group
    STATS   : search only in statistics elements group

Command successfully executed.

==========================================================
>>> 도움말: libfci_cli fwfeat-el-set --help
==========================================================
DISCLAIMER: This is a DEMO application. It is not part of the production code deliverables.
---- Command -------------------
fwfeat-el-set   <--feat|--feature=<feature_name>>  <--el|--element=<element_name>>  <--us|--unit-size=<1|2|4>>  <--payload=<list_of_values>>  [--pos|--position=<value>]  [--elgrp|--el-group=<group_name|group_ID>]
---- Description ---------------
Set data of a FW feature element.
---- Options -------------------
--feat|--feature=<ingress_vlan>
  Name of a FW feature.
--el|--element=<br_accept>
  Name of the requested element.
--us|--unit-size=<1|2|4>
  Bytesize of element's data unit.
  See description of FW feature elements (or libfci_cli printout) to learn
  what is the correct unit size of data for any given FW feature element.
--payload=<0,5,20,... | 0x00,0x05,0x14...>
  Comma seperated list of values. These values will serve as payload of some command.
--pos|--position=<0-255>
  Index of the target item in the element table.
  Position == 0 : Operate with all table items.
  Position > 0  : Operate with the particular item that is at given position.
  Indexing starts from positon 1.
  Default value of this parameter is 0 (operate with all table items).
--elgrp|--el-group=<CONFIG|2>
  Specify FW feature element group.
  Command will search for the target FW feature element only within the specified element group.
  Groups:
    DEFAULT : search in all available groups
    CONFIG  : search only in configuration elements group
    STATS   : search only in statistics elements group

Command successfully executed.

==========================================================
>>> 도움말: libfci_cli qos-que-print --help
==========================================================
DISCLAIMER: This is a DEMO application. It is not part of the production code deliverables.
---- Command -------------------
[1] qos-que-print   <-i|--i|--interface=<phyif_name>>
[2] qos-que-print   <-i|--i|--interface=<phyif_name>>  [--que=<id>]
---- Description ---------------
[1] Print all QoS queues of the given physical interface.
[2] Print a selected QoS queue of the given physical interface.
---- Options -------------------
-i|--i|--interface=<emac2>
  Name of the target physical interface.
  Only the following hardcoded PHYIF names are accepted:
    emac0
    emac1
    emac2
    util
    hifncpy  (valid only if supported by a driver)
    hif0
    hif1
    hif2
    hif3
--que=<0-7>
  Queue ID

Command successfully executed.

==========================================================
>>> 도움말: libfci_cli qos-que-update --help
==========================================================
DISCLAIMER: This is a DEMO application. It is not part of the production code deliverables.
---- Command -------------------
qos-que-update   <-i|--i|--interface=<phyif_name>>  <--que=<id>>  [--que-mode|--qdisc=<mode>]  [--thmin|--thld-min=<value>]  [--thmax|--thld-max=<value>]  [--zprob=<list_of_percentages>]
---- Description ---------------
Update parameters of a QoS queue.
---- Options -------------------
-i|--i|--interface=<emac2>
  Name of the target physical interface.
  Only the following hardcoded PHYIF names are accepted:
    emac0
    emac1
    emac2
    hifncpy  (valid only if supported by a driver)
    hif0
    hif1
    hif2
    hif2
--que=<0-7>
  Queue ID
--que-mode|--qdisc=<TAIL_DROP>
  Queue mode
  Modes:
    DISABLED
    DEFAULT
    TAIL_DROP
    WRED
--thmin|--thld-min=<interface type dependent>
  Minimal threshold value. Meaningful only for the following que modes:
    WRED: Number of packets in the queue where the lowest drop probability zone starts.
  Range depends on type of the target physical interface:
    hif0,hif1,hif2,hif3: 0-31
    emacX/util/hifncpy:  0-255
--thmax|--thld-max=<interface type dependent>
  Maximal threshold value. Meaningful only for the following que modes:
    TAIL_DROP: Max allowed number of packets in the queue.
    WRED: Number of packets in the queue above which the drop probability is always 100%.
  Range depends on type of the target interface (see --thmin|--thld-min).
--zprob=<10,30,K,50,...>
  Comma separated list of percentages.
  Drop probabilities for probability zones. Meaningful only for queue mode WRED.
  Position of a value in the list corresponds with a zone (from zone [0] up to zone [N]).
  Zones which are not touched (when provided list is too short) and zones which are marked with 'K' (keep) are left unchanged.
  NOTE: Percentages are stored in a compressed format. Expect a certain inaccuracy of stored data (around +/- 3 %).
Command successfully executed.

==========================================================
>>> 도움말: libfci_cli qos-sch-print --help
==========================================================
DISCLAIMER: This is a DEMO application. It is not part of the production code deliverables.
---- Command -------------------
[1] qos-sch-print   <-i|--i|--interface=<phyif_name>>
[2] qos-sch-print   <-i|--i|--interface=<phyif_name>>  [--sch=<id>]
---- Description ---------------
[1] Print all QoS schedulers of the given physical interface.
[2] Print a selected QoS scheduler of the given physical interface.
---- Options -------------------
-i|--i|--interface=<emac2>
  Name of the target physical interface.
  Only the following hardcoded PHYIF names are accepted:
    emac0
    emac1
    emac2
    util
    hifncpy  (valid only if supported by a driver)
    hif0
    hif1
    hif2
    hif3
--sch=<0|1>
  Scheduler ID

Command successfully executed.

==========================================================
>>> 도움말: libfci_cli qos-sch-update --help
==========================================================
DISCLAIMER: This is a DEMO application. It is not part of the production code deliverables.
---- Command -------------------
qos-sch-update   <-i|--i|--interface=<phyif_name>>  <--sch=<id>>  [--sch-mode=<mode>]  [--sch-algo=<algorithm>]  [--sch-in=<list_of_inputs>]
---- Description ---------------
Update parameters of a QoS scheduler.
---- Options -------------------
-i|--i|--interface=<emac2>
  Name of the target physical interface.
  Only the following hardcoded PHYIF names are accepted:
    emac0
    emac1
    emac2
    hifncpy  (valid only if supported by a driver)
    hif0
    hif1
    hif2
    hif2
--sch=<0|1>
  Scheduler ID
--sch-mode=<DISABLED|DATA_RATE|PACKET_RATE>
  Scheduler mode
--sch-algo=<DWRR>
  Scheduler selection algorithm
  Algorithms:
    PQ    (Priority Queue)
    DWRR  (Deficit Weighted Round Robin)
    RR    (Round Robin)
    WRR   (Weighted Round Robin)
--sch-in=<que1:10,que3:243,D,K,...>
  Comma separated list of input sources and their weights.
  Input sources:
    K  (to keep the given scheduler input untouched)
    D  (to disable the given scheduler input)
    que0
    que1
    que2
    que3
    que4
    que5
    que6
    que7
    sch0_out

Command successfully executed.

==========================================================
>>> 도움말: libfci_cli qos-shp-print --help
==========================================================
DISCLAIMER: This is a DEMO application. It is not part of the production code deliverables.
---- Command -------------------
[1] qos-shp-print   <-i|--i|--interface=<phyif_name>>
[2] qos-shp-print   <-i|--i|--interface=<phyif_name>>  [--shp=<id>]
---- Description ---------------
[1] Print all QoS shapers of the given physical interface.
[2] Print a selected QoS shaper of the given physical interface.
---- Options -------------------
-i|--i|--interface=<emac2>
  Name of the target physical interface.
  Only the following hardcoded PHYIF names are accepted:
    emac0
    emac1
    emac2
    util
    hifncpy  (valid only if supported by a driver)
    hif0
    hif1
    hif2
    hif3
--shp=<0-3>
  Shaper ID

Command successfully executed.

==========================================================
>>> 도움말: libfci_cli qos-shp-update --help
==========================================================
DISCLAIMER: This is a DEMO application. It is not part of the production code deliverables.
---- Command -------------------
qos-shp-update   <-i|--i|--interface=<phyif_name>>  <--shp=<id>>  [--shp-mode=<mode>]  [--shp-pos=<position>]  [--isl=<value>]  [--crmin|--credit-min=<value>]  [--crmax|--credit-max=<value>]
---- Description ---------------
Update parameters of a QoS shaper.
---- Options -------------------
-i|--i|--interface=<emac2>
  Name of the target physical interface.
  Only the following hardcoded PHYIF names are accepted:
    emac0
    emac1
    emac2
    hifncpy  (valid only if supported by a driver)
    hif0
    hif1
    hif2
    hif2
--shp=<0-3>
  Shaper ID
--shp-mode=<DISABLED|DATA_RATE|PACKET_RATE>
  Shaper mode
--shp-pos=<sch1_in3>
  Position of a shaper within the QoS configuration.
  Positions:
    DISABLED
    sch0_in0, sch0_in1 ... sch0_in7
    sch1_in0, sch1_in1 ... sch1_in7
    sch1_out
--isl=<0-4294967295>
  Idle slope [units per second].
  Units depend on currently set [--shp-mode]:
    [bits per second]    (inaccuracy +/- 2400 units) for DATA_RATE
    [packets per second] (inaccuracy +/-  300 units) for PACKET_RATE
  NOTE: Idle slope is stored in a compressed format. Expect a certain inaccuracy of stored data.
--crmin|--credit-min=<-2147483648 - 2147483647>
  Minimal credit.
  Units depend on currently set [--shp-mode]:
    [bytes]   for DATA_RATE
    [packets] for PACKET_RATE
--crmax|--credit-max=<-2147483648 - 2147483647>
  Maximal credit.
  Units depend on currently set [--shp-mode]:
    [bytes]   for DATA_RATE
    [packets] for PACKET_RATE

Command successfully executed.

==========================================================
>>> 도움말: libfci_cli qos-pol-print --help
==========================================================
DISCLAIMER: This is a DEMO application. It is not part of the production code deliverables.
---- Command -------------------
qos-pol-print   <-i|--i|--interface=<phyif_name>>
---- Description ---------------
Print summary of Ingress QoS policer configuration for the given physical interface.
---- Options -------------------
-i|--i|--interface=<emac2>
  Name of the target physical interface.
  Only the following hardcoded PHYIF names are accepted:
    emac0
    emac1
    emac2

Command successfully executed.

==========================================================
>>> 도움말: libfci_cli qos-pol-set --help
==========================================================
DISCLAIMER: This is a DEMO application. It is not part of the production code deliverables.
---- Command -------------------
qos-pol-set   <-i|--i|--interface=<phyif_name>>  <<-E|--E|--enable>|<-D|--D|--disable>>
---- Description ---------------
Enable or disable Ingress QoS policer block.
---- Options -------------------
-i|--i|--interface=<emac2>
  Name of the target physical interface.
  Only the following hardcoded PHYIF names are accepted:
    emac0
    emac1
    emac2
-E|--E|--enable
  Enables the given feature.
-D|--D|--disable
  Disables the given feature.

Command successfully executed.

==========================================================
>>> 도움말: libfci_cli qos-pol-wred-print --help
==========================================================
DISCLAIMER: This is a DEMO application. It is not part of the production code deliverables.
---- Command -------------------
[1] qos-pol-wred-print   <-i|--i|--interface=<phyif_name>>
[2] qos-pol-wred-print   <-i|--i|--interface=<phyif_name>>  <--wred-que=<queue_type>>
---- Description ---------------
[1] Print all Ingress QoS wreds of the given physical interface.
[2] Print a selected Ingress QoS wred of the given physical interface.
---- Options -------------------
-i|--i|--interface=<emac2>
  Name of the target physical interface.
  Only the following hardcoded PHYIF names are accepted:
    emac0
    emac1
    emac2
--wred-que=<DMEM>
  Queue type for Ingress QoS WRED. Available types:
    DMEM
    LMEM
    RXF

Command successfully executed.

==========================================================
>>> 도움말: libfci_cli qos-pol-wred-update --help
==========================================================
DISCLAIMER: This is a DEMO application. It is not part of the production code deliverables.
---- Command -------------------
qos-pol-wred-update   <-i|--i|--interface=<phyif_name>>  <--wred-que=<queue_type>>  [[-E|--E|--enable>|<-D|--D|--disable]]  [--thmin|--thld-min=<value>]  [--thmax|--thld-max=<value>]  [--thfull|--thld-full=<value>]  [--zprob=<list_of_percentages>]
---- Description ---------------
Update parameters of a QoS queue.
---- Options -------------------
-i|--i|--interface=<emac2>
  Name of the target physical interface.
  Only the following hardcoded PHYIF names are accepted:
    emac0
    emac1
    emac2
--wred-que=<DMEM>
  Queue type for Ingress QoS WRED. Available types:
    DMEM
    LMEM
    RXF
-E|--E|--enable
  Enables the given feature.
-D|--D|--disable
  Disables the given feature.
--thmin|--thld-min=<queue type dependent>
  Minimal threshold value - number of packets in the queue where the lowest drop probability zone starts.
  Range depends on wred queue type:
    DMEM: 0-8192
    LMEM: 0-512
    RXF:  0-512
--thmax|--thld-max=<queue type dependent>
  Maximal threshold value - number of packets in the queue above which the drop probability  for Unmanaged and Managed traffic is always 100%. Reserved traffic is still accepted.
  Range depends on wred queue type (see --thmin|--thld-min).
--thfull|--thld-full=<queue type dependent>
  Queue length - number of packets in the queue above which all traffic (even the Reserved traffic) is dropped.
  Range depends on wred queue type (see --thmin|--thld-min).
--zprob=<10,30,K,50,...>
  Comma separated list of percentages.
  Drop probabilities for probability zones.
  Position of a value in the list corresponds with a zone (from zone [0] up to zone [N]).
  Zones which are not touched (when provided list is too short) and zones which are marked with 'K' (keep) are left unchanged.
  NOTE: Percentages are stored in a compressed format. Expect a certain inaccuracy of stored data (around +/- 6 %).
Command successfully executed.

==========================================================
>>> 도움말: libfci_cli qos-pol-shp-print --help
==========================================================
DISCLAIMER: This is a DEMO application. It is not part of the production code deliverables.
---- Command -------------------
[1] qos-pol-shp-print   <-i|--i|--interface=<phyif_name>>
[2] qos-pol-shp-print   <-i|--i|--interface=<phyif_name>>  [--shp=<id>]
---- Description ---------------
[1] Print all Ingress QoS shapers of the given physical interface.
[2] Print a selected Ingress QoS shaper of the given physical interface.
---- Options -------------------
-i|--i|--interface=<emac2>
  Name of the target physical interface.
  Only the following hardcoded PHYIF names are accepted:
    emac0
    emac1
    emac2
--shp=<0-3>
  Shaper ID

Command successfully executed.

==========================================================
>>> 도움말: libfci_cli qos-pol-shp-update --help
==========================================================
DISCLAIMER: This is a DEMO application. It is not part of the production code deliverables.
---- Command -------------------
qos-pol-shp-update   <-i|--i|--interface=<phyif_name>>  <--shp=<id>>  [--shp-mode=<mode>]  [--shp-type=<shaper_type>]  [[-E|--E|--enable>|<-D|--D|--disable]]  [--isl=<value>]  [--crmin|--credit-min=<value>]  [--crmax|--credit-max=<value>]
---- Description ---------------
Update parameters of Ingress QoS shaper.
---- Options -------------------
-i|--i|--interface=<emac2>
  Name of the target physical interface.
  Only the following hardcoded PHYIF names are accepted:
    emac0
    emac1
    emac2
--shp=<0-3>
  Shaper ID
--shp-mode=<DATA_RATE|PACKET_RATE>
  Shaper mode
--shp-type=<PORT>
  Shaper type for Ingress QoS shaper. Available types:
    PORT
    BCAST
    MCAST
-E|--E|--enable
  Enables the given feature.
-D|--D|--disable
  Disables the given feature.
--isl=<0-4294967295>
  Idle slope [units per second].
  Units depend on currently set [--shp-mode]:
    [bits per second]    (inaccuracy +/- 2400 units) for DATA_RATE
    [packets per second] (inaccuracy +/-  300 units) for PACKET_RATE
  NOTE: Idle slope is stored in a compressed format. Expect a certain inaccuracy of stored data.
--crmin|--credit-min=<-2147483648 - 2147483647>
  Minimal credit.
  Units depend on currently set [--shp-mode]:
    [bytes]   for DATA_RATE
    [packets] for PACKET_RATE
--crmax|--credit-max=<-2147483648 - 2147483647>
  Maximal credit.
  Units depend on currently set [--shp-mode]:
    [bytes]   for DATA_RATE
    [packets] for PACKET_RATE

Command successfully executed.

==========================================================
>>> 도움말: libfci_cli qos-pol-flow-print --help
==========================================================
DISCLAIMER: This is a DEMO application. It is not part of the production code deliverables.
---- Command -------------------
[1] qos-pol-flow-print   <-i|--i|--interface=<phyif_name>>
[2] qos-pol-flow-print   <-i|--i|--interface=<phyif_name>>  [--pos|--position=<value>]
---- Description ---------------
[1] Print all Ingress QoS flows of the given physical interface.
[2] Print a selected Ingress QoS flow of the given physical interface.
---- Options -------------------
-i|--i|--interface=<emac2>
  Name of the target physical interface.
  Only the following hardcoded PHYIF names are accepted:
    emac0
    emac1
    emac2
--pos|--position=<0-255>
  Index of the item to print.
  Default value is 0 (start from the very first item of the table).

Command successfully executed.

==========================================================
>>> 도움말: libfci_cli qos-pol-flow-add --help
==========================================================
DISCLAIMER: This is a DEMO application. It is not part of the production code deliverables.
---- Command -------------------
qos-pol-flow-add   <-i|--i|--interface=<phyif_name>>  [--pos|--position=<value>]  [--flowact|--flow-action=<action>]  [--ft|--flow-types=<list_of_rules>]  [<flow-specific options (only if applicable)>]
---- Description ---------------
Create a new Ingress QoS flow.
---- Options -------------------
-i|--i|--interface=<emac2>
  Name of the target physical interface.
  Only the following hardcoded PHYIF names are accepted:
    emac0
    emac1
    emac2
--pos|--position=<0-255>
  Index where to insert the item.
  (hint: indexing starts from the position 0)
  If this option is not utilized, then the item is automatically
  inserted as the last item of the table.
--flowact|--flow-action=<DMEM>
  Action to do if the processed packet matches criteria of the given Ingress QoS flow.
  Actions:
    RESERVED : packet is classified as Reserved traffic.
    MANAGED : packet is classified as Managed traffic.
    DROP : packet is dropped.
--vlan=<0-65535>
  VLAN ID
--vlan-mask=<0x00-0xFFFF>
  A bitmask for comparison of VLAN.
--tos|--tclass=<0x00-0xFF>
  Type of Service / Traffic Class.
--tos-mask|--tclass-mask=<0x00-0xFF>
  A bitmask for comparison of TOS field.
-p|--p|--proto|--protocol=<IPv6|0-255|0x00-0xFF>
  IANA Assigned Internet Protocol Number
  https://www.iana.org/assignments/protocol-numbers/protocol-numbers.xhtml
  Accepted input formats are protocol keyword or protocol ID.
  Protocols without keyword can be addressed only by protocol ID.
--p-mask|--proto-mask|--protocol-mask=<0x00-0xFF>
  A bitmask for comparison of PROTOCOL field.
-s|--s|--sip|--src=<12.126.31.7|fd00::1>
  Source IP address
--s-pfx|--sip-pfx|--src-pfx=<0-32>
  Network prefix for SIP field.
-d|--d|--dip|--dst=<132.16.20.3|fc62::5>
  Destination IP address
--d-pfx|--dip-pfx|--dst-pfx=<0-32>
  Network prefix for DIP field.
--sport-min|--src-port-min=<0-65535>
  Source port range - minimal port
--sport-max|--src-port-max=<0-65535>
  Source port range - maximal port
--dport-min|--dst-port-min=<0-65535>
  Destination port range - minimal port
--dport-max|--dst-port-max=<0-65535>
  Destination port range - maximal port
--ft|--flow-types=<TYPE_ETH,TOS,...>
  Comma separated list of flow types (match rules for Ingress QoS flow).
  Use empty string ("") to disable (clear).
  Some rules require additional command line options.
  Flow types:
    TYPE_ETH
    TYPE_PPPOE
    TYPE_ARP
    TYPE_IP4
    TYPE_IP6
    TYPE_IPX
    TYPE_MCAST
    TYPE_BCAST
    TYPE_VLAN
    VLAN ; requires <--vlan> and <--vlan-mask>
    TOS ; requires <--tos|--tclass> and <--tos-mask|--tclass-mask>
    PROTOCOL ; requires <-p|--p|--proto|--protocol> and <--p-mask|--proto-mask|--protocol-mask>
    SIP ; requires <-s|--s|--sip|--src> and <--s-pfx|--sip-pfx|--src-pfx>
    DIP ; requires <-d|--d|--dip|--dst> and <--d-pfx|--dip-pfx|--dst-pfx>
    SPORT ; requires <--sport-min|--src-port-min> and <--sport-max|--src-port-max>
    DPORT ; requires <--dport-min|--dst-port-min> and <--dport-max|--dst-port-max>

Command successfully executed.

==========================================================
>>> 도움말: libfci_cli qos-pol-flow-del --help
==========================================================
DISCLAIMER: This is a DEMO application. It is not part of the production code deliverables.
---- Command -------------------
qos-pol-flow-del   <-i|--i|--interface=<phyif_name>>  <--pos|--position=<value>>
---- Description ---------------
Destroy the target Ingress QoS flow.
---- Options -------------------
-i|--i|--interface=<emac2>
  Name of the target physical interface.
  Only the following hardcoded PHYIF names are accepted:
    emac0
    emac1
    emac2
    util
    hifncpy  (valid only if supported by a driver)
    hif0
    hif1
    hif2
    hif3
--pos|--position=<0-255>
  Index of the target item to destroy.
  (hint: indexing starts from position 0)

Command successfully executed.

==========================================================
>>> 도움말: libfci_cli fci-ownership --help
==========================================================
DISCLAIMER: This is a DEMO application. It is not part of the production code deliverables.
---- Command -------------------
[1] fci-ownership   <-L|--L|--lock>
[2] fci-ownership   <-U|--U|--unlock>
---- Description ---------------
[1] Request FCI ownership.
[2] Release FCI ownership.
---- Options -------------------
-L|--L|--lock
  Request FCI ownership lock.
-U|--U|--unlock
  Release FCI ownership lock.

Command successfully executed.

==========================================================
>>> 도움말: libfci_cli daemon-print --help
==========================================================
DISCLAIMER: This is a DEMO application. It is not part of the production code deliverables.
---- Command -------------------
daemon-print
---- Description ---------------
Query daemon about its configuration and print it.
Daemon must be already running, otherwise this command fails.
---- Options -------------------
no options

Command successfully executed.

==========================================================
>>> 도움말: libfci_cli daemon-update --help
==========================================================
DISCLAIMER: This is a DEMO application. It is not part of the production code deliverables.
---- Command -------------------
daemon-update   [--prn2term|--print-to-terminal=<ON|OFF>]  [--prn2log|--print-to-logfile=<ON|OFF>]  [--dbg2term|--dbg-to-terminal|--debug-to-terminal=<ON|OFF>]  [--dbg2dbg|--dbg-to-dbgfile|--debug-to-dbgfile=<ON|OFF>]
---- Description ---------------
Tell daemon to change its confguration.
Daemon must be already running, otherwise this command fails.
---- Options -------------------
--prn2term|--print-to-terminal=<ON|OFF>
  Commands libfci_cli daemon to enable/disable printing of caught FCI events into terminal.
--prn2log|--print-to-logfile=<ON|OFF>
  Commands libfci_cli daemon to enable/disable printing of caught FCI events into logfile.
--dbg2term|--dbg-to-terminal|--debug-to-terminal=<ON|OFF>
  Commands libfci_cli daemon to enable/disable printing of debug messages into terminal.
--dbg2dbg|--dbg-to-dbgfile|--debug-to-dbgfile=<ON|OFF>
  Commands libfci_cli daemon to enable/disable printing of debug messages into debugfile.

Command successfully executed.

==========================================================
>>> 도움말: libfci_cli daemon-start --help
==========================================================
DISCLAIMER: This is a DEMO application. It is not part of the production code deliverables.
---- Command -------------------
daemon-start   [--prn2term|--print-to-terminal=<ON|OFF>]  [--prn2log|--print-to-logfile=<ON|OFF>]  [--dbg2term|--dbg-to-terminal|--debug-to-terminal=<ON|OFF>]  [--dbg2dbg|--dbg-to-dbgfile|--debug-to-dbgfile=<ON|OFF>]
---- Description ---------------
Start libfci_cli daemon with given configuration.
---- Options -------------------
--prn2term|--print-to-terminal=<ON|OFF>
  Commands libfci_cli daemon to enable/disable printing of caught FCI events into terminal.
--prn2log|--print-to-logfile=<ON|OFF>
  Commands libfci_cli daemon to enable/disable printing of caught FCI events into logfile.
--dbg2term|--dbg-to-terminal|--debug-to-terminal=<ON|OFF>
  Commands libfci_cli daemon to enable/disable printing of debug messages into terminal.
--dbg2dbg|--dbg-to-dbgfile|--debug-to-dbgfile=<ON|OFF>
  Commands libfci_cli daemon to enable/disable printing of debug messages into debugfile.

Command successfully executed.

==========================================================
>>> 도움말: libfci_cli daemon-stop --help
==========================================================
DISCLAIMER: This is a DEMO application. It is not part of the production code deliverables.
---- Command -------------------
daemon-stop
---- Description ---------------
Stop libfci_cli daemon.
Daemon must be already running, otherwise this command fails.
---- Options -------------------
no options

Command successfully executed.

==========================================================
>>> 도움말: libfci_cli demo-feature-print --help
==========================================================
DISCLAIMER: This is a DEMO application. It is not part of the production code deliverables.
---- Command -------------------
demo-feature-print
---- Description ---------------
Print all available demo scenarios for PFE feature configuration.
---- Options -------------------
no options

Command successfully executed.

==========================================================
>>> 도움말: libfci_cli demo-feature-run --help
==========================================================
DISCLAIMER: This is a DEMO application. It is not part of the production code deliverables.
---- Command -------------------
demo-feature-run   <--feat|--feature=<feature_name>>
---- Description ---------------
Run the requested demo scenario. Demo scenarios show how to configure PFE features.
---- Options -------------------
--feat|--feature=<L2_bridge_simple>
  Name of a demo scenario for a PFE feature.

Command successfully executed.

root@s32g274ardb2:~#
