INFO:    Configuring TrustZone (with encrypted RAM)
INFO:    TrustZone region 0 set up - S
INFO:    BL2: Loading image id 4
INFO:    Loading image id=7 at address 0x60000000
INFO:    Image id=7 loaded: 0x60000000 - 0x60000284
INFO:    Authenticating image id=7 (sign)
INFO:    Authenticated image id=7 (sign) = 0
INFO:    Authenticating image id=7
Welcome to SMBStaX
vcoreiii login:
Welcome to SMBStaX
vcoreiii login:
Welcome to SMBStaX
vcoreiii login: root
# NOTICE:  Booting Trusted Firmware
NOTICE:  BL1: v2.4(release):laguna-transplant-base-v0-23-g225acd2
NOTICE:  BL1: Built : 12:48:51, Dec  6 2021
INFO:    BL1: RAM 0x116000 - 0x120000
INFO:    CPKCL V: 0x02100101
INFO:    Using crypto library 'LAN966X crypto core'
INFO:    Loading image id=6 at address 0x100000
INFO:    Image id=6 loaded: 0x100000 - 0x1002ca
INFO:    Authenticating image id=6 (sign)
INFO:    Authenticated image id=6 (sign) = 0
INFO:    Authenticating image id=6 (ctr 1.3.6.1.4.1.4128.2100.1)
INFO:    Authenticated image id=6 (ctr 1.3.6.1.4.1.4128.2100.1) = 0
INFO:    Loading image id=31 at address 0x100000
INFO:    Image id=31 loaded: 0x100000 - 0x100200
INFO:    Authenticating image id=31 (hash)
INFO:    Authenticated image id=31 (hash) = 0
INFO:    BL1: Loading BL2
INFO:    Loading image id=1 at address 0x100000
INFO:    Image id=1 loaded: 0x100000 - 0x10d404
INFO:    Authenticating image id=1 (hash)
INFO:    Authenticated image id=1 (hash) = 0
NOTICE:  BL1: Booting BL2
INFO:    Entry point address = 0x100000
INFO:    SPSR = 0x1d3
INFO:    Running on platform build: 0x00000000
NOTICE:  BL2: v2.4(release):mchp_v1.0.3
NOTICE:  BL2: Built : 11:20:06, Dec 15 2022
INFO:    CPKCL V: 0x02100101
INFO:    Using crypto library 'LAN966X crypto core'
INFO:    BL2: Doing platform setup
INFO:    Configuring TrustZone (with encrypted RAM)
INFO:    TrustZone region 0 set up - S
INFO:    BL2: Loading image id 4
INFO:    Loading image id=7 at address 0x60000000
INFO:    Image id=7 loaded: 0x60000000 - 0x60000284
INFO:    Authenticating image id=7 (sign)
INFO:    Authenticated image id=7 (sign) = 0
INFO:    Authenticating image id=7 (ctr 1.3.6.1.4.1.4128.2100.1)
INFO:    Authenticated image id=7 (ctr 1.3.6.1.4.1.4128.2100.1) = 0
INFO:    Loading image id=10 at address 0x60000000
INFO:    Image id=10 loaded: 0x60000000 - 0x6000022b
INFO:    Authenticating image id=10 (sign)
INFO:    Authenticated image id=10 (sign) = 0
INFO:    Authenticating image id=10 (ctr 1.3.6.1.4.1.4128.2100.1)
INFO:    Authenticated image id=10 (ctr 1.3.6.1.4.1.4128.2100.1) = 0
INFO:    Loading image id=14 at address 0x60000000
INFO:    Image id=14 loaded: 0x60000000 - 0x600002e1
INFO:    Authenticating image id=14 (sign)
INFO:    Authenticated image id=14 (sign) = 0
INFO:    Authenticating image id=14 (ctr 1.3.6.1.4.1.4128.2100.1)
INFO:    Authenticated image id=14 (ctr 1.3.6.1.4.1.4128.2100.1) = 0
INFO:    Loading image id=4 at address 0x60000000
INFO:    Image id=4 loaded: 0x60000000 - 0x60008358
INFO:    Authenticating image id=4 (hash)
INFO:    Authenticated image id=4 (hash) = 0
INFO:    BL2: Skip loading image id 21
INFO:    BL2: Skip loading image id 22
INFO:    BL2: Loading image id 5
INFO:    Loading image id=11 at address 0x60200000
INFO:    Image id=11 loaded: 0x60200000 - 0x6020022d
INFO:    Authenticating image id=11 (sign)
INFO:    Authenticated image id=11 (sign) = 0
INFO:    Authenticating image id=11 (ctr 1.3.6.1.4.1.4128.2100.2)
INFO:    Authenticated image id=11 (ctr 1.3.6.1.4.1.4128.2100.2) = 0
INFO:    Loading image id=15 at address 0x60200000
INFO:    Image id=15 loaded: 0x60200000 - 0x60200253
INFO:    Authenticating image id=15 (sign)
INFO:    Authenticated image id=15 (sign) = 0
INFO:    Authenticating image id=15 (ctr 1.3.6.1.4.1.4128.2100.2)
INFO:    Authenticated image id=15 (ctr 1.3.6.1.4.1.4128.2100.2) = 0
INFO:    Loading image id=5 at address 0x60200000
INFO:    Image id=5 loaded: 0x60200000 - 0x60275b74
INFO:    Authenticating image id=5 (hash)
INFO:    Authenticated image id=5 (hash) = 0
NOTICE:  OTP: Available for non-secure provisioning
NOTICE:  BL1: Booting BL32
INFO:    Entry point address = 0x60000000
INFO:    SPSR = 0x0
NOTICE:  SP_MIN: v2.4(release):mchp_v1.0.3
NOTICE:  SP_MIN: Built : 11:20:09, Dec 15 2022
INFO:    ARM GICv2 driver initialized
INFO:    SP_MIN: Initializing runtime services
INFO:    Direct boot of BL33 binary image
INFO:    SP_MIN: Preparing exit to normal world
INFO:    Enabling SRAM NS access
board type: 1


U-Boot 2019.04-linux4sam_6.2-icp (Sep 27 2022 - 16:19:43 +0200)

CPU: SAMA7
board type: 1
DRAM:  1022 MiB
MMC:   sdhci-host@e0830000: 0, emmc@e0830000: 1
Loading Environment from SPI Flash... SF: Detected sst26vf016b with page size 256 Bytes, erase size 4 KiB, total 2 MiB
OK
In:    serial
Out:   serial
Err:   serial
Net:   eth0: port0
Warning: port1 (eth1) using random MAC address - ea:f7:96:7c:63:40
, eth1: port1
Hit any key to stop autoboot:  0
4273239 bytes read in 312 ms (13.1 MiB/s)
## Loading kernel from FIT Image at 64000000 ...
   Using 'lan9662_ung8291_0_at_lan966x' configuration
   Trying 'kernel' kernel subimage
     Description:  Kernel
     Type:         Kernel Image
     Compression:  uncompressed
     Data Start:   0x640000c8
     Data Size:    4152352 Bytes = 4 MiB
     Architecture: ARM
     OS:           Linux
     Load Address: 0x60208000
     Entry Point:  0x60208000
   Verifying Hash Integrity ... OK
## Loading fdt from FIT Image at 64000000 ...
   Using 'lan9662_ung8291_0_at_lan966x' configuration
   Trying 'fdt_lan9662_ung8291_0_at_lan966x' fdt subimage
     Description:  Flattened Device Tree
     Type:         Flat Device Tree
     Compression:  uncompressed
     Data Start:   0x643f5db0
     Data Size:    19151 Bytes = 18.7 KiB
     Architecture: ARM
     Load Address: 0x67e00000
   Verifying Hash Integrity ... OK
   Loading fdt from 0x643f5db0 to 0x67e00000
   Booting using the fdt blob at 0x67e00000
   Loading Kernel Image ... OK
   Using Device Tree in place at 67e00000, end 67e07ace
   Using Device Tree in place at 67e00000, end 67e0aace

Starting kernel ...

Starting syslogd: OK
Starting klogd: OK
Running sysctl: OK
Loading kernel module: Initializing random number generator: OK
Saving random seed: OK
Starting iptables: OK
Starting network: OK
Starting dropbear sshd: OK

Welcome to SMBStaX
vcoreiii login: root
#
#
# ifconfig
lo        Link encap:Local Loopback
          inet addr:127.0.0.1  Mask:255.0.0.0
          inet6 addr: ::1/128 Scope:Host
          UP LOOPBACK RUNNING  MTU:65536  Metric:1
          RX packets:0 errors:0 dropped:0 overruns:0 frame:0
          TX packets:0 errors:0 dropped:0 overruns:0 carrier:0
          collisions:0 txqueuelen:1000
          RX bytes:0 (0.0 B)  TX bytes:0 (0.0 B)

# ifconfig -a
bond0     Link encap:Ethernet  HWaddr BE:FB:6F:C8:F1:12
          BROADCAST MASTER MULTICAST  MTU:1500  Metric:1
          RX packets:0 errors:0 dropped:0 overruns:0 frame:0
          TX packets:0 errors:0 dropped:0 overruns:0 carrier:0
          collisions:0 txqueuelen:1000
          RX bytes:0 (0.0 B)  TX bytes:0 (0.0 B)

eth0      Link encap:Ethernet  HWaddr 12:E0:7D:5C:B2:01
          BROADCAST MULTICAST  MTU:1500  Metric:1
          RX packets:0 errors:0 dropped:0 overruns:0 frame:0
          TX packets:0 errors:0 dropped:0 overruns:0 carrier:0
          collisions:0 txqueuelen:1000
          RX bytes:0 (0.0 B)  TX bytes:0 (0.0 B)

eth1      Link encap:Ethernet  HWaddr 12:E0:7D:5C:B2:02
          BROADCAST MULTICAST  MTU:1500  Metric:1
          RX packets:0 errors:0 dropped:0 overruns:0 frame:0
          TX packets:0 errors:0 dropped:0 overruns:0 carrier:0
          collisions:0 txqueuelen:1000
          RX bytes:0 (0.0 B)  TX bytes:0 (0.0 B)

lo        Link encap:Local Loopback
          inet addr:127.0.0.1  Mask:255.0.0.0
          inet6 addr: ::1/128 Scope:Host
          UP LOOPBACK RUNNING  MTU:65536  Metric:1
          RX packets:0 errors:0 dropped:0 overruns:0 frame:0
          TX packets:0 errors:0 dropped:0 overruns:0 carrier:0
          collisions:0 txqueuelen:1000
          RX bytes:0 (0.0 B)  TX bytes:0 (0.0 B)

sit0      Link encap:IPv6-in-IPv4
          NOARP  MTU:1480  Metric:1
          RX packets:0 errors:0 dropped:0 overruns:0 frame:0
          TX packets:0 errors:0 dropped:0 overruns:0 carrier:0
          collisions:0 txqueuelen:1000
          RX bytes:0 (0.0 B)  TX bytes:0 (0.0 B)

# ^C
# ^C
# ip link show
1: lo: <LOOPBACK,UP,LOWER_UP> mtu 65536 qdisc noqueue state UNKNOWN mode DEFAULT group default qlen 1000
    link/loopback 00:00:00:00:00:00 brd 00:00:00:00:00:00
2: bond0: <BROADCAST,MULTICAST,MASTER> mtu 1500 qdisc noop state DOWN mode DEFAULT group default qlen 1000
    link/ether be:fb:6f:c8:f1:12 brd ff:ff:ff:ff:ff:ff
3: sit0@NONE: <NOARP> mtu 1480 qdisc noop state DOWN mode DEFAULT group default qlen 1000
    link/sit 0.0.0.0 brd 0.0.0.0
4: eth0: <BROADCAST,MULTICAST> mtu 1500 qdisc noop state DOWN mode DEFAULT group default qlen 1000
    link/ether 12:e0:7d:5c:b2:01 brd ff:ff:ff:ff:ff:ff
5: eth1: <BROADCAST,MULTICAST> mtu 1500 qdisc noop state DOWN mode DEFAULT group default qlen 1000
    link/ether 12:e0:7d:5c:b2:02 brd ff:ff:ff:ff:ff:ff
# ip link eth0 up
Command "eth0" is unknown, try "ip link help".
# ip link up eth0
Command "up" is unknown, try "ip link help".
# ip link help
Usage: ip link add [link DEV | parentdev NAME] [ name ] NAME
                    [ txqueuelen PACKETS ]
                    [ address LLADDR ]
                    [ broadcast LLADDR ]
                    [ mtu MTU ] [index IDX ]
                    [ numtxqueues QUEUE_COUNT ]
                    [ numrxqueues QUEUE_COUNT ]
                    type TYPE [ ARGS ]

        ip link delete { DEVICE | dev DEVICE | group DEVGROUP } type TYPE [ ARGS ]

        ip link set { DEVICE | dev DEVICE | group DEVGROUP }
                        [ { up | down } ]
                        [ type TYPE ARGS ]
                [ arp { on | off } ]
                [ dynamic { on | off } ]
                [ multicast { on | off } ]
                [ allmulticast { on | off } ]
                [ promisc { on | off } ]
                [ trailers { on | off } ]
                [ carrier { on | off } ]
                [ txqueuelen PACKETS ]
                [ name NEWNAME ]
                [ address LLADDR ]
                [ broadcast LLADDR ]
                [ mtu MTU ]
                [ netns { PID | NAME } ]
                [ link-netns NAME | link-netnsid ID ]
                [ alias NAME ]
                [ vf NUM [ mac LLADDR ]
                         [ vlan VLANID [ qos VLAN-QOS ] [ proto VLAN-PROTO ] ]
                         [ rate TXRATE ]
                         [ max_tx_rate TXRATE ]
                         [ min_tx_rate TXRATE ]
                         [ spoofchk { on | off} ]
                         [ query_rss { on | off} ]
                         [ state { auto | enable | disable} ]
                         [ trust { on | off} ]
                         [ node_guid EUI64 ]
                         [ port_guid EUI64 ] ]
                [ { xdp | xdpgeneric | xdpdrv | xdpoffload } { off |
                          object FILE [ section NAME ] [ verbose ] |
                          pinned FILE } ]
                [ master DEVICE ][ vrf NAME ]
                [ nomaster ]
                [ addrgenmode { eui64 | none | stable_secret | random } ]
                [ protodown { on | off } ]
                [ protodown_reason PREASON { on | off } ]
                [ gso_max_size BYTES ] | [ gso_max_segs PACKETS ]

        ip link show [ DEVICE | group GROUP ] [up] [master DEV] [vrf NAME] [type TYPE]
                [nomaster]

        ip link xstats type TYPE [ ARGS ]

        ip link afstats [ dev DEVICE ]
        ip link property add dev DEVICE [ altname NAME .. ]
        ip link property del dev DEVICE [ altname NAME .. ]

        ip link help [ TYPE ]

TYPE := { amt | bareudp | bond | bond_slave | bridge | bridge_slave |
          dummy | erspan | geneve | gre | gretap | ifb |
          ip6erspan | ip6gre | ip6gretap | ip6tnl |
          ipip | ipoib | ipvlan | ipvtap |
          macsec | macvlan | macvtap |
          netdevsim | nlmon | rmnet | sit | team | team_slave |
          vcan | veth | vlan | vrf | vti | vxcan | vxlan | wwan |
          xfrm }
# ^C
# ifconfig -a
bond0     Link encap:Ethernet  HWaddr BE:FB:6F:C8:F1:12
          BROADCAST MASTER MULTICAST  MTU:1500  Metric:1
          RX packets:0 errors:0 dropped:0 overruns:0 frame:0
          TX packets:0 errors:0 dropped:0 overruns:0 carrier:0
          collisions:0 txqueuelen:1000
          RX bytes:0 (0.0 B)  TX bytes:0 (0.0 B)

eth0      Link encap:Ethernet  HWaddr 12:E0:7D:5C:B2:01
          BROADCAST MULTICAST  MTU:1500  Metric:1
          RX packets:0 errors:0 dropped:0 overruns:0 frame:0
          TX packets:0 errors:0 dropped:0 overruns:0 carrier:0
          collisions:0 txqueuelen:1000
          RX bytes:0 (0.0 B)  TX bytes:0 (0.0 B)

eth1      Link encap:Ethernet  HWaddr 12:E0:7D:5C:B2:02
          BROADCAST MULTICAST  MTU:1500  Metric:1
          RX packets:0 errors:0 dropped:0 overruns:0 frame:0
          TX packets:0 errors:0 dropped:0 overruns:0 carrier:0
          collisions:0 txqueuelen:1000
          RX bytes:0 (0.0 B)  TX bytes:0 (0.0 B)

lo        Link encap:Local Loopback
          inet addr:127.0.0.1  Mask:255.0.0.0
          inet6 addr: ::1/128 Scope:Host
          UP LOOPBACK RUNNING  MTU:65536  Metric:1
          RX packets:0 errors:0 dropped:0 overruns:0 frame:0
          TX packets:0 errors:0 dropped:0 overruns:0 carrier:0
          collisions:0 txqueuelen:1000
          RX bytes:0 (0.0 B)  TX bytes:0 (0.0 B)

sit0      Link encap:IPv6-in-IPv4
          NOARP  MTU:1480  Metric:1
          RX packets:0 errors:0 dropped:0 overruns:0 frame:0
          TX packets:0 errors:0 dropped:0 overruns:0 carrier:0
          collisions:0 txqueuelen:1000
          RX bytes:0 (0.0 B)  TX bytes:0 (0.0 B)

#
#
# ip addr flush dev eth0
# ip addr add 192.168.10.2/24 dev eth0
#
# ping -c3 -I eth0 192.168.10.1
ping: connect: Network is unreachable
#
#
# # eth0 에 192.168.10.2/24 할당
# ip addr flush dev eth0
# ip addr add 192.168.10.2/24 dev eth0
# ip link set dev eth0 up
#
# # S32G → MC
# ping -c3 -I pfe0 192.168.10.2

ping: SO_BINDTODEVICE pfe0: No such device
#
# # MC → S32G
# ping -c3 -I eth0 192.168.10.1
PING 192.168.10.1 (192.168.10.1) from 192.168.10.2 eth0: 56(84) bytes of data.


--- 192.168.10.1 ping statistics ---
3 packets transmitted, 0 received, 100% packet loss, time 2110ms
pipe 3
#
# ^C
#
#
# ethtool eth0
Settings for eth0:
        Supported ports: [ TP    MII ]
        Supported link modes:   10baseT/Half 10baseT/Full
                                100baseT/Half 100baseT/Full
                                1000baseT/Full
        Supported pause frame use: Symmetric Receive-only
        Supports auto-negotiation: Yes
        Supported FEC modes: Not reported
        Advertised link modes:  10baseT/Half 10baseT/Full
                                100baseT/Half 100baseT/Full
                                1000baseT/Full
        Advertised pause frame use: Symmetric Receive-only
        Advertised auto-negotiation: Yes
        Advertised FEC modes: Not reported
        Link partner advertised link modes:  10baseT/Half 10baseT/Full
                                             100baseT/Half 100baseT/Full
                                             1000baseT/Full
        Link partner advertised pause frame use: Symmetric Receive-only
        Link partner advertised auto-negotiation: Yes
        Link partner advertised FEC modes: Not reported
        Speed: 1000Mb/s
        Duplex: Full
        Auto-negotiation: on
        master-slave cfg: preferred slave
        master-slave status: master
        Port: Twisted Pair
        PHYAD: 1
        Transceiver: external
        MDI-X: Unknown
        Link detected: yes
#
#
# ip addr flush dev eth0
# ip addr add 192.168.10.2/24 dev eth0
# ip link set dev eth0 up
#
# # 링크 확인
# ip link show eth0
4: eth0: <NO-CARRIER,BROADCAST,MULTICAST,UP> mtu 1500 qdisc mq state DOWN mode DEFAULT group default qlen 1000
    link/ether 12:e0:7d:5c:b2:01 brd ff:ff:ff:ff:ff:ff
# ethtool eth0
Settings for eth0:
        Supported ports: [ TP    MII ]
        Supported link modes:   10baseT/Half 10baseT/Full
                                100baseT/Half 100baseT/Full
                                1000baseT/Full
        Supported pause frame use: Symmetric Receive-only
        Supports auto-negotiation: Yes
        Supported FEC modes: Not reported
        Advertised link modes:  10baseT/Half 10baseT/Full
                                100baseT/Half 100baseT/Full
                                1000baseT/Full
        Advertised pause frame use: Symmetric Receive-only
        Advertised auto-negotiation: Yes
        Advertised FEC modes: Not reported
        Link partner advertised link modes:  10baseT/Half 10baseT/Full
                                             100baseT/Half 100baseT/Full
                                             1000baseT/Full
        Link partner advertised pause frame use: Symmetric Receive-only
        Link partner advertised auto-negotiation: Yes
        Link partner advertised FEC modes: Not reported
        Speed: 1000Mb/s
        Duplex: Full
        Auto-negotiation: on
        master-slave cfg: preferred slave
        master-slave status: slave
        Port: Twisted Pair
        PHYAD: 1
        Transceiver: external
        MDI-X: Unknown
        Link detected: yes
#
#
# ping -c3 192.168.10.1
PING 192.168.10.1 (192.168.10.1) 56(84) bytes of data.
From 192.168.10.2 icmp_seq=1 Destination Host Unreachable
From 192.168.10.2 icmp_seq=2 Destination Host Unreachable
From 192.168.10.2 icmp_seq=3 Destination Host Unreachable

--- 192.168.10.1 ping statistics ---
3 packets transmitted, 0 received, +3 errors, 100% packet loss, time 2083ms
pipe 3
# ^C
#
#
# # (MC 보드 콘솔)
# ip link set dev eth0 up
ethtool eth0    # Speed:# ethtool eth0    # Speed: 1000Mb/s, Link detected: yes
Settings for eth0:
        Supported ports: [ TP    MII ]
        Supported link modes:   10baseT/Half 10baseT/Full
                                100baseT/Half 100baseT/Full
                                1000baseT/Full
i       Supported pause frame use: Symmetric Receive-only
p       Supports auto-negotiation: Yes
        Supported FEC modes: Not reported
        Advertised link modes:  10baseT/Half 10baseT/Full
a                               100baseT/Half 100baseT/Full
                                1000baseT/Full
d       Advertised pause frame use: Symmetric Receive-only
d       Advertised auto-negotiation: Yes
        Advertised FEC modes: Not reported
r       Link partner advertised link modes:  10baseT/Half 10baseT/Full
                                             100baseT/Half 100baseT/Full
                                             1000baseT/Full
        Link partner advertised pause frame use: Symmetric Receive-only
        Link partner advertised auto-negotiation: Yes
f       Link partner advertised FEC modes: Not reported
l       Speed: 1000Mb/s
u       Duplex: Full
        Auto-negotiation: on
        master-slave cfg: preferred slave
s       master-slave status: slave
h       Port: Twisted Pair
        PHYAD: 1
d       Transceiver: external
e       MDI-X: Unknown
v       Link detected: yes
eth0
# ip addr flush dev eth0
# ip addr add 192.168.10.2/24 dev eth0
#
#
#
# ping -c3 192.168.10.1
PING 192.168.10.1 (192.168.10.1) 56(84) bytes of data.
From 192.168.10.2 icmp_seq=1 Destination Host Unreachable
From 192.168.10.2 icmp_seq=2 Destination Host Unreachable
From 192.168.10.2 icmp_seq=3 Destination Host Unreachable

--- 192.168.10.1 ping statistics ---
3 packets transmitted, 0 received, +3 errors, 100% packet loss, time 2111ms
pipe 3
# ^C
#
#
# # eth0 up
# ip link set dev eth0 up
#
# # IP 설정 (예: 192.168.20.2/24)
# ip addr flush dev eth0
# ip addr add 192.168.20.2/24 dev eth0
#
#
# ping -c3 192.168.20.1
PING 192.168.20.1 (192.168.20.1) 56(84) bytes of data.
From 192.168.20.2 icmp_seq=1 Destination Host Unreachable
From 192.168.20.2 icmp_seq=2 Destination Host Unreachable
From 192.168.20.2 icmp_seq=3 Destination Host Unreachable

--- 192.168.20.1 ping statistics ---
3 packets transmitted, 0 received, +3 errors, 100% packet loss, time 2070ms
pipe 3
#
# # (Microchip 콘솔)
# ip link set dev eth0 up
# ethtool eth0   # Link detected: yes, Speed: 1000Mb/s
Settings for eth0:
        Supported ports: [ TP    MII ]
        Supported link modes:   10baseT/Half 10baseT/Full
                                100baseT/Half 100baseT/Full
                                1000baseT/Full
        Supported pause frame use: Symmetric Receive-only
        Supports auto-negotiation: Yes
        Supported FEC modes: Not reported
        Advertised link modes:  10baseT/Half 10baseT/Full
                                100baseT/Half 100baseT/Full
                                1000baseT/Full
        Advertised pause frame use: Symmetric Receive-only
        Advertised auto-negotiation: Yes
        Advertised FEC modes: Not reported
        Link partner advertised link modes:  10baseT/Half 10baseT/Full
                                             100baseT/Half 100baseT/Full
                                             1000baseT/Full
        Link partner advertised pause frame use: Symmetric Receive-only
        Link partner advertised auto-negotiation: Yes
        Link partner advertised FEC modes: Not reported
        Speed: 1000Mb/s
        Duplex: Full
        Auto-negotiation: on
        master-slave cfg: preferred slave
        master-slave status: slave
        Port: Twisted Pair
        PHYAD: 1
        Transceiver: external
        MDI-X: Unknown
        Link detected: yes
#
# ip addr flush dev eth0
# ip addr add 192.168.20.2/24 dev eth0
#
# # 링크 올리고
# ip link set dev eth0 up

#
# # IP 초기화 후 재할당
# ip addr flush dev eth0
ip # ip addr add 192.168.30.2/24 dev eth0
#
# # 상태 확인
# ethtool eth0    # → Link detected: yes, Speed: 1000Mb/s
Settings for eth0:
        Supported ports: [ TP    MII ]
        Supported link modes:   10baseT/Half 10baseT/Full
                                100baseT/Half 100baseT/Full
                                1000baseT/Full
        Supported pause frame use: Symmetric Receive-only
        Supports auto-negotiation: Yes
        Supported FEC modes: Not reported
        Advertised link modes:  10baseT/Half 10baseT/Full
                                100baseT/Half 100baseT/Full
                                1000baseT/Full
        Advertised pause frame use: Symmetric Receive-only
        Advertised auto-negotiation: Yes
        Advertised FEC modes: Not reported
        Link partner advertised link modes:  10baseT/Half 10baseT/Full
                                             100baseT/Half 100baseT/Full
                                             1000baseT/Full
        Link partner advertised pause frame use: Symmetric Receive-only
        Link partner advertised auto-negotiation: Yes
        Link partner advertised FEC modes: Not reported
        Speed: 1000Mb/s
        Duplex: Full
        Auto-negotiation: on
        master-slave cfg: preferred slave
        master-slave status: master
        Port: Twisted Pair
        PHYAD: 1
        Transceiver: external
        MDI-X: Unknown
        Link detected: yes
# ip link show eth0  # → state UP, LOWER_UP
4: eth0: <BROADCAST,MULTICAST,UP,LOWER_UP> mtu 1500 qdisc mq state UP mode DEFAULT group default qlen 1000
    link/ether 12:e0:7d:5c:b2:01 brd ff:ff:ff:ff:ff:ff
# ping -c 4 192.168.30.1
PING 192.168.30.1 (192.168.30.1) 56(84) bytes of data.
From 192.168.30.2 icmp_seq=1 Destination Host Unreachable
From 192.168.30.2 icmp_seq=2 Destination Host Unreachable
From 192.168.30.2 icmp_seq=3 Destination Host Unreachable
From 192.168.30.2 icmp_seq=4 Destination Host Unreachable

--- 192.168.30.1 ping statistics ---
4 packets transmitted, 0 received, +4 errors, 100% packet loss, time 3148ms
pipe 4
# ^C
# ip addr flush dev eth0
ip addr add 192.168.10.2/24 dev eth0# ip addr add 192.168.10.2/24 dev eth0
# # 1) eth0 인터페이스 초기화
# ip link set dev eth0 down
ip addr flush dev eth0

# 2) IP 재할당
ip addr add 192.168.10.2/24 dev eth0

# 3) 링크 올리기
ip link set dev eth0 up

# 4) 확인
# ip addr flush dev eth0
ip addr show eth0
#
# # 2) IP 재할당
# ip addr add 192.168.10.2/24 dev eth0
ethtool eth0

#
# # 3) 링크 올리기
# ip link set dev eth0 up
# 5) 핑 테스트 (MC → S32G)
ping -c4 192.168.10.1
#
# # 4) 확인
# ip addr show eth0
4: eth0: <NO-CARRIER,BROADCAST,MULTICAST,UP> mtu 1500 qdisc mq state DOWN group default qlen 1000
    link/ether 12:e0:7d:5c:b2:01 brd ff:ff:ff:ff:ff:ff
    inet 192.168.10.2/24 scope global eth0
       valid_lft forever preferred_lft forever
# ethtool eth0
Settings for eth0:
        Supported ports: [ TP    MII ]
        Supported link modes:   10baseT/Half 10baseT/Full
                                100baseT/Half 100baseT/Full
                                1000baseT/Full
        Supported pause frame use: Symmetric Receive-only
        Supports auto-negotiation: Yes
        Supported FEC modes: Not reported
        Advertised link modes:  10baseT/Half 10baseT/Full
                                100baseT/Half 100baseT/Full
                                1000baseT/Full
        Advertised pause frame use: Symmetric Receive-only
        Advertised auto-negotiation: Yes
        Advertised FEC modes: Not reported
        Speed: Unknown!
        Duplex: Unknown! (255)
        Auto-negotiation: on
        master-slave cfg: preferred slave
        master-slave status: unknown
        Port: Twisted Pair
        PHYAD: 1
        Transceiver: external
        MDI-X: Unknown
        Link detected: no
#
# # 5) 핑 테스트 (MC → S32G)
# ping -c4 192.168.10.1
PING 192.168.10.1 (192.168.10.1) 56(84) bytes of data.

From 192.168.10.2 icmp_seq=1 Destination Host Unreachable
From 192.168.10.2 icmp_seq=2 Destination Host Unreachable
From 192.168.10.2 icmp_seq=3 Destination Host Unreachable
From 192.168.10.2 icmp_seq=4 Destination Host Unreachable

--- 192.168.10.1 ping statistics ---
4 packets transmitted, 0 received, +4 errors, 100% packet loss, time 3108ms
pipe 4
#
# # eth0 내려놓고
# ip link set dev eth0 down
# 할당된 IP/ARP 플러시
ip addr flush dev eth0

# IP 재할당
ip addr add 192.168.10.2/24 dev eth0

# 링크 올리기
ip link set dev eth0 up

# 확인
ip addr show eth0
ethtool eth0
#
# # 할당된 IP/ARP 플러시
# ip addr flush dev eth0
#
# # IP 재할당
# ip addr add 192.168.10.2/24 dev eth0
#
# # 링크 올리기
# ip link set dev eth0 up
#
# # 확인
# ip addr show eth0
4: eth0: <NO-CARRIER,BROADCAST,MULTICAST,UP> mtu 1500 qdisc mq state DOWN group default qlen 1000
    link/ether 12:e0:7d:5c:b2:01 brd ff:ff:ff:ff:ff:ff
    inet 192.168.10.2/24 scope global eth0
       valid_lft forever preferred_lft forever
# ethtool eth0
Settings for eth0:
        Supported ports: [ TP    MII ]
        Supported link modes:   10baseT/Half 10baseT/Full
                                100baseT/Half 100baseT/Full
                                1000baseT/Full
        Supported pause frame use: Symmetric Receive-only
        Supports auto-negotiation: Yes
        Supported FEC modes: Not reported
        Advertised link modes:  10baseT/Half 10baseT/Full
                                100baseT/Half 100baseT/Full
                                1000baseT/Full
        Advertised pause frame use: Symmetric Receive-only
        Advertised auto-negotiation: Yes
        Advertised FEC modes: Not reported
        Speed: Unknown!
        Duplex: Unknown! (255)
        Auto-negotiation: on
        master-slave cfg: preferred slave
        master-slave status: unknown
        Port: Twisted Pair
        PHYAD: 1
        Transceiver: external
        MDI-X: Unknown
        Link detected: no
#
# # eth0 내려놓고
# ip link set dev eth0 down

# 할당된 IP/ARP 플러시
ip addr flush dev eth0

# IP 재할당
ip addr add 192.168.10.2/24 dev eth0

# 링크 올리기
ip link set dev eth0 up

#
# # 할당된 IP/ARP 플러시
# ip addr flush dev eth0
#
# # IP 재할당
# ip addr add 192.168.10.2/24 dev eth0
# 확인
#
# # 링크 올리기
# ip link set dev eth0 up
ip addr show eth0
ethtool eth0
#
# # 확인
# ip addr show eth0
4: eth0: <NO-CARRIER,BROADCAST,MULTICAST,UP> mtu 1500 qdisc mq state DOWN group default qlen 1000
    link/ether 12:e0:7d:5c:b2:01 brd ff:ff:ff:ff:ff:ff
    inet 192.168.10.2/24 scope global eth0
       valid_lft forever preferred_lft forever
# ethtool eth0
Settings for eth0:
        Supported ports: [ TP    MII ]
        Supported link modes:   10baseT/Half 10baseT/Full
                                100baseT/Half 100baseT/Full
                                1000baseT/Full
        Supported pause frame use: Symmetric Receive-only
        Supports auto-negotiation: Yes
        Supported FEC modes: Not reported
        Advertised link modes:  10baseT/Half 10baseT/Full
                                100baseT/Half 100baseT/Full
                                1000baseT/Full
        Advertised pause frame use: Symmetric Receive-only
        Advertised auto-negotiation: Yes
        Advertised FEC modes: Not reported
        Speed: Unknown!
        Duplex: Unknown! (255)
        Auto-negotiation: on
        master-slave cfg: preferred slave
        master-slave status: unknown
        Port: Twisted Pair
        PHYAD: 1
        Transceiver: external
        MDI-X: Unknown
        Link detected: no
#
#
# ethtool eth0
Settings for eth0:
        Supported ports: [ TP    MII ]
        Supported link modes:   10baseT/Half 10baseT/Full
                                100baseT/Half 100baseT/Full
                                1000baseT/Full
        Supported pause frame use: Symmetric Receive-only
        Supports auto-negotiation: Yes
        Supported FEC modes: Not reported
        Advertised link modes:  10baseT/Half 10baseT/Full
                                100baseT/Half 100baseT/Full
                                1000baseT/Full
        Advertised pause frame use: Symmetric Receive-only
        Advertised auto-negotiation: Yes
        Advertised FEC modes: Not reported
        Link partner advertised link modes:  10baseT/Half 10baseT/Full
                                             100baseT/Half 100baseT/Full
                                             1000baseT/Full
        Link partner advertised pause frame use: Symmetric Receive-only
        Link partner advertised auto-negotiation: Yes
        Link partner advertised FEC modes: Not reported
        Speed: 1000Mb/s
        Duplex: Full
        Auto-negotiation: on
        master-slave cfg: preferred slave
        master-slave status: master
        Port: Twisted Pair
        PHYAD: 1
        Transceiver: external
        MDI-X: Unknown
        Link detected: yes
# ip neigh show dev eth0
# ^C
# ip link
1: lo: <LOOPBACK,UP,LOWER_UP> mtu 65536 qdisc noqueue state UNKNOWN mode DEFAULT group default qlen 1000
    link/loopback 00:00:00:00:00:00 brd 00:00:00:00:00:00
2: bond0: <BROADCAST,MULTICAST,MASTER> mtu 1500 qdisc noop state DOWN mode DEFAULT group default qlen 1000
    link/ether be:fb:6f:c8:f1:12 brd ff:ff:ff:ff:ff:ff
3: sit0@NONE: <NOARP> mtu 1480 qdisc noop state DOWN mode DEFAULT group default qlen 1000
    link/sit 0.0.0.0 brd 0.0.0.0
4: eth0: <BROADCAST,MULTICAST,UP,LOWER_UP> mtu 1500 qdisc mq state UP mode DEFAULT group default qlen 1000
    link/ether 12:e0:7d:5c:b2:01 brd ff:ff:ff:ff:ff:ff
5: eth1: <BROADCAST,MULTICAST> mtu 1500 qdisc noop state DOWN mode DEFAULT group default qlen 1000
    link/ether 12:e0:7d:5c:b2:02 brd ff:ff:ff:ff:ff:ff
# ethtool eth0
Settings for eth0:
        Supported ports: [ TP    MII ]
        Supported link modes:   10baseT/Half 10baseT/Full
                                100baseT/Half 100baseT/Full
                                1000baseT/Full
        Supported pause frame use: Symmetric Receive-only
        Supports auto-negotiation: Yes
        Supported FEC modes: Not reported
        Advertised link modes:  10baseT/Half 10baseT/Full
                                100baseT/Half 100baseT/Full
                                1000baseT/Full
        Advertised pause frame use: Symmetric Receive-only
        Advertised auto-negotiation: Yes
        Advertised FEC modes: Not reported
        Link partner advertised link modes:  10baseT/Half 10baseT/Full
                                             100baseT/Half 100baseT/Full
                                             1000baseT/Full
        Link partner advertised pause frame use: Symmetric Receive-only
        Link partner advertised auto-negotiation: Yes
        Link partner advertised FEC modes: Not reported
        Speed: 1000Mb/s
        Duplex: Full
        Auto-negotiation: on
        master-slave cfg: preferred slave
        master-slave status: slave
        Port: Twisted Pair
        PHYAD: 1
        Transceiver: external
        MDI-X: Unknown
        Link detected: yes
#
#
# # eth0 초기화
# ip link set dev eth0 down
ip addr flush dev eth0

# IP 재할당 (S32G IP 대역과 동일하게)
ip addr add 192.168.10.2/24 dev eth0

# 링크 올리기
ip link set dev eth0 up

# 확인
# ip addr flush dev eth0
ethtool eth0
#
# # IP 재할당 (S32G IP 대역과 동일하게)
# ip addr add 192.168.10.2/24 dev eth0
ip addr show eth0
#
# # 링크 올리기
# ip link set dev eth0 up
#
# # 확인
# ethtool eth0
Settings for eth0:
        Supported ports: [ TP    MII ]
        Supported link modes:   10baseT/Half 10baseT/Full
                                100baseT/Half 100baseT/Full
                                1000baseT/Full
        Supported pause frame use: Symmetric Receive-only
        Supports auto-negotiation: Yes
        Supported FEC modes: Not reported
        Advertised link modes:  10baseT/Half 10baseT/Full
                                100baseT/Half 100baseT/Full
                                1000baseT/Full
        Advertised pause frame use: Symmetric Receive-only
        Advertised auto-negotiation: Yes
        Advertised FEC modes: Not reported
        Speed: Unknown!
        Duplex: Unknown! (255)
        Auto-negotiation: on
        master-slave cfg: preferred slave
        master-slave status: unknown
        Port: Twisted Pair
        PHYAD: 1
        Transceiver: external
        MDI-X: Unknown
        Link detected: no
# ip addr show eth0
4: eth0: <NO-CARRIER,BROADCAST,MULTICAST,UP> mtu 1500 qdisc mq state DOWN group default qlen 1000
    link/ether 12:e0:7d:5c:b2:01 brd ff:ff:ff:ff:ff:ff
    inet 192.168.10.2/24 scope global eth0
       valid_lft forever preferred_lft forever
#
#
# # eth0 초기화
# ip link set dev eth0 down
ip addr flush dev eth0

# IP 재할당 (S32G IP 대역과 동일하게)
ip addr add 192.168.10.2/24 dev eth0

# 링크 올리기
ip link set dev eth0 up

# 확인
ethtool eth0
ip addr show eth0
# ip addr flush dev eth0
#
# # IP 재할당 (S32G IP 대역과 동일하게)
# ip addr add 192.168.10.2/24 dev eth0
#
# # 링크 올리기
# ip link set dev eth0 up
#
# # 확인
# ethtool eth0
Settings for eth0:
        Supported ports: [ TP    MII ]
        Supported link modes:   10baseT/Half 10baseT/Full
                                100baseT/Half 100baseT/Full
                                1000baseT/Full
        Supported pause frame use: Symmetric Receive-only
        Supports auto-negotiation: Yes
        Supported FEC modes: Not reported
        Advertised link modes:  10baseT/Half 10baseT/Full
                                100baseT/Half 100baseT/Full
                                1000baseT/Full
        Advertised pause frame use: Symmetric Receive-only
        Advertised auto-negotiation: Yes
        Advertised FEC modes: Not reported
        Speed: Unknown!
        Duplex: Unknown! (255)
        Auto-negotiation: on
        master-slave cfg: preferred slave
        master-slave status: unknown
        Port: Twisted Pair
        PHYAD: 1
        Transceiver: external
        MDI-X: Unknown
        Link detected: no
# ip addr show eth0
4: eth0: <NO-CARRIER,BROADCAST,MULTICAST,UP> mtu 1500 qdisc mq state DOWN group default qlen 1000
    link/ether 12:e0:7d:5c:b2:01 brd ff:ff:ff:ff:ff:ff
    inet 192.168.10.2/24 scope global eth0
       valid_lft forever preferred_lft forever
# # eth0 초기화
# ip link set dev eth0 down
ip addr flush dev eth0

# IP 재할당 (S32G IP 대역과 동일하게)
ip addr add 192.168.10.2/24 dev eth0

# 링크 올리기
ip link set dev eth0 up

# 확인
ethtool eth0
ip addr show eth0
# ip addr flush dev eth0
#
# # IP 재할당 (S32G IP 대역과 동일하게)
# ip addr add 192.168.10.2/24 dev eth0
#
# # 링크 올리기
# ip link set dev eth0 up
#
# # 확인
# ethtool eth0
Settings for eth0:
        Supported ports: [ TP    MII ]
        Supported link modes:   10baseT/Half 10baseT/Full
                                100baseT/Half 100baseT/Full
                                1000baseT/Full
        Supported pause frame use: Symmetric Receive-only
        Supports auto-negotiation: Yes
        Supported FEC modes: Not reported
        Advertised link modes:  10baseT/Half 10baseT/Full
                                100baseT/Half 100baseT/Full
                                1000baseT/Full
        Advertised pause frame use: Symmetric Receive-only
        Advertised auto-negotiation: Yes
        Advertised FEC modes: Not reported
        Speed: Unknown!
        Duplex: Unknown! (255)
        Auto-negotiation: on
        master-slave cfg: preferred slave
        master-slave status: unknown
        Port: Twisted Pair
        PHYAD: 1
        Transceiver: external
        MDI-X: Unknown
        Link detected: no
# ip addr show eth0
4: eth0: <NO-CARRIER,BROADCAST,MULTICAST,UP> mtu 1500 qdisc mq state DOWN group default qlen 1000
    link/ether 12:e0:7d:5c:b2:01 brd ff:ff:ff:ff:ff:ff
    inet 192.168.10.2/24 scope global eth0
       valid_lft forever preferred_lft forever
# ip addr show eth0
4: eth0: <BROADCAST,MULTICAST,UP,LOWER_UP> mtu 1500 qdisc mq state UP group default qlen 1000
    link/ether 12:e0:7d:5c:b2:01 brd ff:ff:ff:ff:ff:ff
    inet 192.168.10.2/24 scope global eth0
       valid_lft forever preferred_lft forever
    inet6 fe80::10e0:7dff:fe5c:b201/64 scope link tentative
       valid_lft forever preferred_lft forever
# ethtool eth0
Settings for eth0:
        Supported ports: [ TP    MII ]
        Supported link modes:   10baseT/Half 10baseT/Full
                                100baseT/Half 100baseT/Full
                                1000baseT/Full
        Supported pause frame use: Symmetric Receive-only
        Supports auto-negotiation: Yes
        Supported FEC modes: Not reported
        Advertised link modes:  10baseT/Half 10baseT/Full
                                100baseT/Half 100baseT/Full
                                1000baseT/Full
        Advertised pause frame use: Symmetric Receive-only
        Advertised auto-negotiation: Yes
        Advertised FEC modes: Not reported
        Link partner advertised link modes:  10baseT/Half 10baseT/Full
                                             100baseT/Half 100baseT/Full
                                             1000baseT/Full
        Link partner advertised pause frame use: Symmetric Receive-only
        Link partner advertised auto-negotiation: Yes
        Link partner advertised FEC modes: Not reported
        Speed: 1000Mb/s
        Duplex: Full
        Auto-negotiation: on
        master-slave cfg: preferred slave
        master-slave status: slave
        Port: Twisted Pair
        PHYAD: 1
        Transceiver: external
        MDI-X: Unknown
        Link detected: yes
# ip addr show eth0
4: eth0: <NO-CARRIER,BROADCAST,MULTICAST,UP> mtu 1500 qdisc mq state DOWN group default qlen 1000
    link/ether 12:e0:7d:5c:b2:01 brd ff:ff:ff:ff:ff:ff
    inet 192.168.10.2/24 scope global eth0
       valid_lft forever preferred_lft forever
    inet6 fe80::10e0:7dff:fe5c:b201/64 scope link
       valid_lft forever preferred_lft forever
# ethtool eth0
Settings for eth0:
        Supported ports: [ TP    MII ]
        Supported link modes:   10baseT/Half 10baseT/Full
                                100baseT/Half 100baseT/Full
                                1000baseT/Full
        Supported pause frame use: Symmetric Receive-only
        Supports auto-negotiation: Yes
        Supported FEC modes: Not reported
        Advertised link modes:  10baseT/Half 10baseT/Full
                                100baseT/Half 100baseT/Full
                                1000baseT/Full
        Advertised pause frame use: Symmetric Receive-only
        Advertised auto-negotiation: Yes
        Advertised FEC modes: Not reported
        Link partner advertised link modes:  10baseT/Half 10baseT/Full
                                             100baseT/Half 100baseT/Full
                                             1000baseT/Full
        Link partner advertised pause frame use: Symmetric Receive-only
        Link partner advertised auto-negotiation: Yes
        Link partner advertised FEC modes: Not reported
        Speed: 1000Mb/s
        Duplex: Full
        Auto-negotiation: on
        master-slave cfg: preferred slave
        master-slave status: slave
        Port: Twisted Pair
        PHYAD: 1
        Transceiver: external
        MDI-X: Unknown
        Link detected: yes
# ping 192.168.10.2
PING 192.168.10.2 (192.168.10.2) 56(84) bytes of data.
64 bytes from 192.168.10.2: icmp_seq=1 ttl=64 time=0.185 ms
64 bytes from 192.168.10.2: icmp_seq=2 ttl=64 time=0.139 ms
64 bytes from 192.168.10.2: icmp_seq=3 ttl=64 time=0.120 ms
64 bytes from 192.168.10.2: icmp_seq=4 ttl=64 time=0.106 ms
64 bytes from 192.168.10.2: icmp_seq=5 ttl=64 time=0.135 ms
64 bytes from 192.168.10.2: icmp_seq=6 ttl=64 time=0.151 ms
64 bytes from 192.168.10.2: icmp_seq=7 ttl=64 time=0.121 ms
64 bytes from 192.168.10.2: icmp_seq=8 ttl=64 time=0.113 ms
64 bytes from 192.168.10.2: icmp_seq=9 ttl=64 time=0.104 ms
64 bytes from 192.168.10.2: icmp_seq=10 ttl=64 time=0.101 ms
^C
--- 192.168.10.2 ping statistics ---
10 packets transmitted, 10 received, 0% packet loss, time 9399ms
rtt min/avg/max/mdev = 0.101/0.127/0.185/0.024 ms
# ping 192.168.10.1
PING 192.168.10.1 (192.168.10.1) 56(84) bytes of data.
From 192.168.10.2 icmp_seq=1 Destination Host Unreachable
From 192.168.10.2 icmp_seq=2 Destination Host Unreachable
From 192.168.10.2 icmp_seq=3 Destination Host Unreachable
From 192.168.10.2 icmp_seq=4 Destination Host Unreachable
From 192.168.10.2 icmp_seq=5 Destination Host Unreachable
From 192.168.10.2 icmp_seq=6 Destination Host Unreachable
From 192.168.10.2 icmp_seq=7 Destination Host Unreachable
From 192.168.10.2 icmp_seq=8 Destination Host Unreachable
From 192.168.10.2 icmp_seq=9 Destination Host Unreachable
From 192.168.10.2 icmp_seq=10 Destination Host Unreachable
From 192.168.10.2 icmp_seq=11 Destination Host Unreachable
From 192.168.10.2 icmp_seq=12 Destination Host Unreachable
From 192.168.10.2 icmp_seq=13 Destination Host Unreachable
From 192.168.10.2 icmp_seq=14 Destination Host Unreachable
From 192.168.10.2 icmp_seq=15 Destination Host Unreachable
From 192.168.10.2 icmp_seq=16 Destination Host Unreachable
From 192.168.10.2 icmp_seq=17 Destination Host Unreachable
From 192.168.10.2 icmp_seq=18 Destination Host Unreachable
From 192.168.10.2 icmp_seq=20 Destination Host Unreachable
From 192.168.10.2 icmp_seq=21 Destination Host Unreachable
From 192.168.10.2 icmp_seq=22 Destination Host Unreachable
From 192.168.10.2 icmp_seq=23 Destination Host Unreachable
From 192.168.10.2 icmp_seq=24 Destination Host Unreachable
From 192.168.10.2 icmp_seq=25 Destination Host Unreachable
From 192.168.10.2 icmp_seq=26 Destination Host Unreachable
From 192.168.10.2 icmp_seq=27 Destination Host Unreachable
From 192.168.10.2 icmp_seq=28 Destination Host Unreachable
From 192.168.10.2 icmp_seq=29 Destination Host Unreachable
From 192.168.10.2 icmp_seq=30 Destination Host Unreachable
From 192.168.10.2 icmp_seq=31 Destination Host Unreachable
From 192.168.10.2 icmp_seq=32 Destination Host Unreachable
From 192.168.10.2 icmp_seq=33 Destination Host Unreachable
From 192.168.10.2 icmp_seq=34 Destination Host Unreachable
From 192.168.10.2 icmp_seq=35 Destination Host Unreachable
From 192.168.10.2 icmp_seq=36 Destination Host Unreachable
From 192.168.10.2 icmp_seq=37 Destination Host Unreachable
From 192.168.10.2 icmp_seq=40 Destination Host Unreachable
From 192.168.10.2 icmp_seq=41 Destination Host Unreachable
From 192.168.10.2 icmp_seq=42 Destination Host Unreachable
^C
--- 192.168.10.1 ping statistics ---
43 packets transmitted, 0 received, +39 errors, 100% packet loss, time 43695ms
pipe 4
#
